[INFO][2020-07-06 21:13:33,568][cn.itcast.travel.web.servlet.BaseServlet:22]: uri= /travel/user/findOne
[INFO][2020-07-06 21:13:33,568][cn.itcast.travel.web.servlet.BaseServlet:22]: uri= /travel/category/findAll
[INFO][2020-07-06 21:13:33,571][cn.itcast.travel.web.servlet.BaseServlet:26]: method= findAll
[INFO][2020-07-06 21:13:33,571][cn.itcast.travel.web.servlet.BaseServlet:30]: cn.itcast.travel.web.servlet.CategoryServlet@465c88eb
[INFO][2020-07-06 21:13:33,569][cn.itcast.travel.web.servlet.BaseServlet:26]: method= findOne
[INFO][2020-07-06 21:13:33,572][cn.itcast.travel.web.servlet.BaseServlet:30]: cn.itcast.travel.web.servlet.UserServlet@6228552d
[INFO][2020-07-06 21:13:33,629][cn.itcast.travel.service.impl.CategoryServiceImpl:29]: 从数据库查询....
[TRACE][2020-07-06 21:13:33,658][org.springframework.core.io.support.SpringFactoriesLoader:87]: Loaded [org.springframework.beans.BeanInfoFactory] names: [org.springframework.beans.ExtendedBeanInfoFactory]
[TRACE][2020-07-06 21:13:33,668][org.springframework.beans.CachedIntrospectionResults:265]: Getting BeanInfo for class [cn.itcast.travel.domain.Category]
[TRACE][2020-07-06 21:13:33,674][org.springframework.beans.CachedIntrospectionResults:284]: Caching PropertyDescriptors for class [cn.itcast.travel.domain.Category]
[TRACE][2020-07-06 21:13:33,674][org.springframework.beans.CachedIntrospectionResults:297]: Found bean property 'cid' of type [int]
[TRACE][2020-07-06 21:13:33,691][org.springframework.beans.CachedIntrospectionResults:297]: Found bean property 'class' of type [java.lang.Class]
[TRACE][2020-07-06 21:13:33,694][org.springframework.beans.CachedIntrospectionResults:297]: Found bean property 'cname' of type [java.lang.String]
[DEBUG][2020-07-06 21:13:33,695][org.springframework.jdbc.core.JdbcTemplate:448]: Executing SQL query [SELECT * FROM tab_category]
[DEBUG][2020-07-06 21:13:33,703][org.springframework.jdbc.datasource.DataSourceUtils:110]: Fetching JDBC Connection from DataSource
[INFO][2020-07-06 21:13:33,929][com.alibaba.druid.pool.DruidDataSource:655]: {dataSource-1} inited
[DEBUG][2020-07-06 21:13:33,942][org.springframework.jdbc.core.BeanPropertyRowMapper:251]: Mapping column 'cid' to property 'cid' of type int
[DEBUG][2020-07-06 21:13:33,945][org.springframework.jdbc.core.BeanPropertyRowMapper:251]: Mapping column 'cname' to property 'cname' of type class java.lang.String
[DEBUG][2020-07-06 21:13:33,946][org.springframework.jdbc.datasource.DataSourceUtils:327]: Returning JDBC Connection to DataSource
[INFO][2020-07-06 21:13:53,100][cn.itcast.travel.web.servlet.BaseServlet:22]: uri= /travel/user/findOne
[INFO][2020-07-06 21:13:53,100][cn.itcast.travel.web.servlet.BaseServlet:26]: method= findOne
[INFO][2020-07-06 21:13:53,101][cn.itcast.travel.web.servlet.BaseServlet:30]: cn.itcast.travel.web.servlet.UserServlet@6228552d
[INFO][2020-07-06 21:13:53,101][cn.itcast.travel.web.servlet.BaseServlet:22]: uri= /travel/category/findAll
[INFO][2020-07-06 21:13:53,102][cn.itcast.travel.web.servlet.BaseServlet:26]: method= findAll
[INFO][2020-07-06 21:13:53,102][cn.itcast.travel.web.servlet.BaseServlet:30]: cn.itcast.travel.web.servlet.CategoryServlet@465c88eb
[INFO][2020-07-06 21:13:53,103][cn.itcast.travel.service.impl.CategoryServiceImpl:37]: 从redis中查询....
[INFO][2020-07-06 21:13:53,219][cn.itcast.travel.web.servlet.CheckCodeServlet:50]: checkCode=3EAA
[INFO][2020-07-06 21:14:24,710][cn.itcast.travel.web.servlet.BaseServlet:22]: uri= /travel/user/login
[INFO][2020-07-06 21:14:24,710][cn.itcast.travel.web.servlet.BaseServlet:26]: method= login
[INFO][2020-07-06 21:14:24,711][cn.itcast.travel.web.servlet.BaseServlet:30]: cn.itcast.travel.web.servlet.UserServlet@6228552d
[DEBUG][2020-07-06 21:14:24,718][org.apache.commons.beanutils.converters.BooleanConverter:353]: Setting default value: false
[DEBUG][2020-07-06 21:14:24,719][org.apache.commons.beanutils.converters.BooleanConverter:140]: Converting 'Boolean' value 'false' to type 'Boolean'
[DEBUG][2020-07-06 21:14:24,719][org.apache.commons.beanutils.converters.BooleanConverter:162]:     No conversion required, value is already a Boolean
[DEBUG][2020-07-06 21:14:24,720][org.apache.commons.beanutils.converters.ByteConverter:353]: Setting default value: 0
[DEBUG][2020-07-06 21:14:24,720][org.apache.commons.beanutils.converters.ByteConverter:140]: Converting 'Integer' value '0' to type 'Byte'
[DEBUG][2020-07-06 21:14:24,721][org.apache.commons.beanutils.converters.ByteConverter:171]:     Converted to Byte value '0'
[DEBUG][2020-07-06 21:14:24,721][org.apache.commons.beanutils.converters.CharacterConverter:353]: Setting default value:  
[DEBUG][2020-07-06 21:14:24,722][org.apache.commons.beanutils.converters.CharacterConverter:140]: Converting 'Character' value ' ' to type 'Character'
[DEBUG][2020-07-06 21:14:24,722][org.apache.commons.beanutils.converters.CharacterConverter:162]:     No conversion required, value is already a Character
[DEBUG][2020-07-06 21:14:24,723][org.apache.commons.beanutils.converters.DoubleConverter:353]: Setting default value: 0
[DEBUG][2020-07-06 21:14:24,723][org.apache.commons.beanutils.converters.DoubleConverter:140]: Converting 'Integer' value '0' to type 'Double'
[DEBUG][2020-07-06 21:14:24,723][org.apache.commons.beanutils.converters.DoubleConverter:171]:     Converted to Double value '0.0'
[DEBUG][2020-07-06 21:14:24,724][org.apache.commons.beanutils.converters.FloatConverter:353]: Setting default value: 0
[DEBUG][2020-07-06 21:14:24,724][org.apache.commons.beanutils.converters.FloatConverter:140]: Converting 'Integer' value '0' to type 'Float'
[DEBUG][2020-07-06 21:14:24,724][org.apache.commons.beanutils.converters.FloatConverter:171]:     Converted to Float value '0.0'
[DEBUG][2020-07-06 21:14:24,724][org.apache.commons.beanutils.converters.IntegerConverter:353]: Setting default value: 0
[DEBUG][2020-07-06 21:14:24,724][org.apache.commons.beanutils.converters.IntegerConverter:140]: Converting 'Integer' value '0' to type 'Integer'
[DEBUG][2020-07-06 21:14:24,725][org.apache.commons.beanutils.converters.IntegerConverter:162]:     No conversion required, value is already a Integer
[DEBUG][2020-07-06 21:14:24,725][org.apache.commons.beanutils.converters.LongConverter:353]: Setting default value: 0
[DEBUG][2020-07-06 21:14:24,725][org.apache.commons.beanutils.converters.LongConverter:140]: Converting 'Integer' value '0' to type 'Long'
[DEBUG][2020-07-06 21:14:24,726][org.apache.commons.beanutils.converters.LongConverter:171]:     Converted to Long value '0'
[DEBUG][2020-07-06 21:14:24,726][org.apache.commons.beanutils.converters.ShortConverter:353]: Setting default value: 0
[DEBUG][2020-07-06 21:14:24,726][org.apache.commons.beanutils.converters.ShortConverter:140]: Converting 'Integer' value '0' to type 'Short'
[DEBUG][2020-07-06 21:14:24,726][org.apache.commons.beanutils.converters.ShortConverter:171]:     Converted to Short value '0'
[DEBUG][2020-07-06 21:14:24,727][org.apache.commons.beanutils.converters.BigDecimalConverter:353]: Setting default value: 0.0
[DEBUG][2020-07-06 21:14:24,727][org.apache.commons.beanutils.converters.BigDecimalConverter:140]: Converting 'BigDecimal' value '0.0' to type 'BigDecimal'
[DEBUG][2020-07-06 21:14:24,727][org.apache.commons.beanutils.converters.BigDecimalConverter:162]:     No conversion required, value is already a BigDecimal
[DEBUG][2020-07-06 21:14:24,728][org.apache.commons.beanutils.converters.BigIntegerConverter:353]: Setting default value: 0
[DEBUG][2020-07-06 21:14:24,728][org.apache.commons.beanutils.converters.BigIntegerConverter:140]: Converting 'BigInteger' value '0' to type 'BigInteger'
[DEBUG][2020-07-06 21:14:24,728][org.apache.commons.beanutils.converters.BigIntegerConverter:162]:     No conversion required, value is already a BigInteger
[DEBUG][2020-07-06 21:14:24,728][org.apache.commons.beanutils.converters.BooleanConverter:353]: Setting default value: false
[DEBUG][2020-07-06 21:14:24,728][org.apache.commons.beanutils.converters.BooleanConverter:140]: Converting 'Boolean' value 'false' to type 'Boolean'
[DEBUG][2020-07-06 21:14:24,728][org.apache.commons.beanutils.converters.BooleanConverter:162]:     No conversion required, value is already a Boolean
[DEBUG][2020-07-06 21:14:24,729][org.apache.commons.beanutils.converters.ByteConverter:353]: Setting default value: 0
[DEBUG][2020-07-06 21:14:24,729][org.apache.commons.beanutils.converters.ByteConverter:140]: Converting 'Integer' value '0' to type 'Byte'
[DEBUG][2020-07-06 21:14:24,729][org.apache.commons.beanutils.converters.ByteConverter:171]:     Converted to Byte value '0'
[DEBUG][2020-07-06 21:14:24,729][org.apache.commons.beanutils.converters.CharacterConverter:353]: Setting default value:  
[DEBUG][2020-07-06 21:14:24,730][org.apache.commons.beanutils.converters.CharacterConverter:140]: Converting 'Character' value ' ' to type 'Character'
[DEBUG][2020-07-06 21:14:24,730][org.apache.commons.beanutils.converters.CharacterConverter:162]:     No conversion required, value is already a Character
[DEBUG][2020-07-06 21:14:24,730][org.apache.commons.beanutils.converters.DoubleConverter:353]: Setting default value: 0
[DEBUG][2020-07-06 21:14:24,730][org.apache.commons.beanutils.converters.DoubleConverter:140]: Converting 'Integer' value '0' to type 'Double'
[DEBUG][2020-07-06 21:14:24,730][org.apache.commons.beanutils.converters.DoubleConverter:171]:     Converted to Double value '0.0'
[DEBUG][2020-07-06 21:14:24,730][org.apache.commons.beanutils.converters.FloatConverter:353]: Setting default value: 0
[DEBUG][2020-07-06 21:14:24,730][org.apache.commons.beanutils.converters.FloatConverter:140]: Converting 'Integer' value '0' to type 'Float'
[DEBUG][2020-07-06 21:14:24,731][org.apache.commons.beanutils.converters.FloatConverter:171]:     Converted to Float value '0.0'
[DEBUG][2020-07-06 21:14:24,731][org.apache.commons.beanutils.converters.IntegerConverter:353]: Setting default value: 0
[DEBUG][2020-07-06 21:14:24,731][org.apache.commons.beanutils.converters.IntegerConverter:140]: Converting 'Integer' value '0' to type 'Integer'
[DEBUG][2020-07-06 21:14:24,731][org.apache.commons.beanutils.converters.IntegerConverter:162]:     No conversion required, value is already a Integer
[DEBUG][2020-07-06 21:14:24,731][org.apache.commons.beanutils.converters.LongConverter:353]: Setting default value: 0
[DEBUG][2020-07-06 21:14:24,731][org.apache.commons.beanutils.converters.LongConverter:140]: Converting 'Integer' value '0' to type 'Long'
[DEBUG][2020-07-06 21:14:24,731][org.apache.commons.beanutils.converters.LongConverter:171]:     Converted to Long value '0'
[DEBUG][2020-07-06 21:14:24,731][org.apache.commons.beanutils.converters.ShortConverter:353]: Setting default value: 0
[DEBUG][2020-07-06 21:14:24,732][org.apache.commons.beanutils.converters.ShortConverter:140]: Converting 'Integer' value '0' to type 'Short'
[DEBUG][2020-07-06 21:14:24,732][org.apache.commons.beanutils.converters.ShortConverter:171]:     Converted to Short value '0'
[DEBUG][2020-07-06 21:14:24,732][org.apache.commons.beanutils.converters.StringConverter:353]: Setting default value: 
[DEBUG][2020-07-06 21:14:24,732][org.apache.commons.beanutils.converters.StringConverter:140]: Converting 'String' value '' to type 'String'
[DEBUG][2020-07-06 21:14:24,736][org.apache.commons.beanutils.converters.ArrayConverter:353]: Setting default value: [Z@3260b61c
[DEBUG][2020-07-06 21:14:24,736][org.apache.commons.beanutils.converters.ArrayConverter:140]: Converting 'boolean[]' value '[Z@3260b61c' to type 'boolean[]'
[DEBUG][2020-07-06 21:14:24,736][org.apache.commons.beanutils.converters.ArrayConverter:162]:     No conversion required, value is already a boolean[]
[DEBUG][2020-07-06 21:14:24,736][org.apache.commons.beanutils.converters.ArrayConverter:353]: Setting default value: [B@643b7ed3
[DEBUG][2020-07-06 21:14:24,736][org.apache.commons.beanutils.converters.ArrayConverter:140]: Converting 'byte[]' value '[B@643b7ed3' to type 'byte[]'
[DEBUG][2020-07-06 21:14:24,737][org.apache.commons.beanutils.converters.ArrayConverter:162]:     No conversion required, value is already a byte[]
[DEBUG][2020-07-06 21:14:24,737][org.apache.commons.beanutils.converters.ArrayConverter:353]: Setting default value: [C@2b4b6087
[DEBUG][2020-07-06 21:14:24,737][org.apache.commons.beanutils.converters.ArrayConverter:140]: Converting 'char[]' value '[C@2b4b6087' to type 'char[]'
[DEBUG][2020-07-06 21:14:24,737][org.apache.commons.beanutils.converters.ArrayConverter:162]:     No conversion required, value is already a char[]
[DEBUG][2020-07-06 21:14:24,737][org.apache.commons.beanutils.converters.ArrayConverter:353]: Setting default value: [D@3f6bd68d
[DEBUG][2020-07-06 21:14:24,737][org.apache.commons.beanutils.converters.ArrayConverter:140]: Converting 'double[]' value '[D@3f6bd68d' to type 'double[]'
[DEBUG][2020-07-06 21:14:24,737][org.apache.commons.beanutils.converters.ArrayConverter:162]:     No conversion required, value is already a double[]
[DEBUG][2020-07-06 21:14:24,738][org.apache.commons.beanutils.converters.ArrayConverter:353]: Setting default value: [F@716c945
[DEBUG][2020-07-06 21:14:24,738][org.apache.commons.beanutils.converters.ArrayConverter:140]: Converting 'float[]' value '[F@716c945' to type 'float[]'
[DEBUG][2020-07-06 21:14:24,738][org.apache.commons.beanutils.converters.ArrayConverter:162]:     No conversion required, value is already a float[]
[DEBUG][2020-07-06 21:14:24,738][org.apache.commons.beanutils.converters.ArrayConverter:353]: Setting default value: [I@491a861d
[DEBUG][2020-07-06 21:14:24,738][org.apache.commons.beanutils.converters.ArrayConverter:140]: Converting 'int[]' value '[I@491a861d' to type 'int[]'
[DEBUG][2020-07-06 21:14:24,738][org.apache.commons.beanutils.converters.ArrayConverter:162]:     No conversion required, value is already a int[]
[DEBUG][2020-07-06 21:14:24,738][org.apache.commons.beanutils.converters.ArrayConverter:353]: Setting default value: [J@758e8fe2
[DEBUG][2020-07-06 21:14:24,739][org.apache.commons.beanutils.converters.ArrayConverter:140]: Converting 'long[]' value '[J@758e8fe2' to type 'long[]'
[DEBUG][2020-07-06 21:14:24,739][org.apache.commons.beanutils.converters.ArrayConverter:162]:     No conversion required, value is already a long[]
[DEBUG][2020-07-06 21:14:24,739][org.apache.commons.beanutils.converters.ArrayConverter:353]: Setting default value: [S@44f514f
[DEBUG][2020-07-06 21:14:24,739][org.apache.commons.beanutils.converters.ArrayConverter:140]: Converting 'short[]' value '[S@44f514f' to type 'short[]'
[DEBUG][2020-07-06 21:14:24,739][org.apache.commons.beanutils.converters.ArrayConverter:162]:     No conversion required, value is already a short[]
[DEBUG][2020-07-06 21:14:24,739][org.apache.commons.beanutils.converters.ArrayConverter:353]: Setting default value: [Ljava.math.BigDecimal;@27d5cdbd
[DEBUG][2020-07-06 21:14:24,739][org.apache.commons.beanutils.converters.ArrayConverter:140]: Converting 'BigDecimal[]' value '[Ljava.math.BigDecimal;@27d5cdbd' to type 'BigDecimal[]'
[DEBUG][2020-07-06 21:14:24,739][org.apache.commons.beanutils.converters.ArrayConverter:162]:     No conversion required, value is already a BigDecimal[]
[DEBUG][2020-07-06 21:14:24,740][org.apache.commons.beanutils.converters.ArrayConverter:353]: Setting default value: [Ljava.math.BigInteger;@299912a1
[DEBUG][2020-07-06 21:14:24,740][org.apache.commons.beanutils.converters.ArrayConverter:140]: Converting 'BigInteger[]' value '[Ljava.math.BigInteger;@299912a1' to type 'BigInteger[]'
[DEBUG][2020-07-06 21:14:24,740][org.apache.commons.beanutils.converters.ArrayConverter:162]:     No conversion required, value is already a BigInteger[]
[DEBUG][2020-07-06 21:14:24,740][org.apache.commons.beanutils.converters.ArrayConverter:353]: Setting default value: [Ljava.lang.Boolean;@38cc826b
[DEBUG][2020-07-06 21:14:24,740][org.apache.commons.beanutils.converters.ArrayConverter:140]: Converting 'Boolean[]' value '[Ljava.lang.Boolean;@38cc826b' to type 'Boolean[]'
[DEBUG][2020-07-06 21:14:24,740][org.apache.commons.beanutils.converters.ArrayConverter:162]:     No conversion required, value is already a Boolean[]
[DEBUG][2020-07-06 21:14:24,740][org.apache.commons.beanutils.converters.ArrayConverter:353]: Setting default value: [Ljava.lang.Byte;@ebb8450
[DEBUG][2020-07-06 21:14:24,741][org.apache.commons.beanutils.converters.ArrayConverter:140]: Converting 'Byte[]' value '[Ljava.lang.Byte;@ebb8450' to type 'Byte[]'
[DEBUG][2020-07-06 21:14:24,741][org.apache.commons.beanutils.converters.ArrayConverter:162]:     No conversion required, value is already a Byte[]
[DEBUG][2020-07-06 21:14:24,741][org.apache.commons.beanutils.converters.ArrayConverter:353]: Setting default value: [Ljava.lang.Character;@888242c
[DEBUG][2020-07-06 21:14:24,741][org.apache.commons.beanutils.converters.ArrayConverter:140]: Converting 'Character[]' value '[Ljava.lang.Character;@888242c' to type 'Character[]'
[DEBUG][2020-07-06 21:14:24,741][org.apache.commons.beanutils.converters.ArrayConverter:162]:     No conversion required, value is already a Character[]
[DEBUG][2020-07-06 21:14:24,741][org.apache.commons.beanutils.converters.ArrayConverter:353]: Setting default value: [Ljava.lang.Double;@74cf16d5
[DEBUG][2020-07-06 21:14:24,741][org.apache.commons.beanutils.converters.ArrayConverter:140]: Converting 'Double[]' value '[Ljava.lang.Double;@74cf16d5' to type 'Double[]'
[DEBUG][2020-07-06 21:14:24,741][org.apache.commons.beanutils.converters.ArrayConverter:162]:     No conversion required, value is already a Double[]
[DEBUG][2020-07-06 21:14:24,742][org.apache.commons.beanutils.converters.ArrayConverter:353]: Setting default value: [Ljava.lang.Float;@63c4fdf3
[DEBUG][2020-07-06 21:14:24,742][org.apache.commons.beanutils.converters.ArrayConverter:140]: Converting 'Float[]' value '[Ljava.lang.Float;@63c4fdf3' to type 'Float[]'
[DEBUG][2020-07-06 21:14:24,742][org.apache.commons.beanutils.converters.ArrayConverter:162]:     No conversion required, value is already a Float[]
[DEBUG][2020-07-06 21:14:24,742][org.apache.commons.beanutils.converters.ArrayConverter:353]: Setting default value: [Ljava.lang.Integer;@6f2dc55e
[DEBUG][2020-07-06 21:14:24,742][org.apache.commons.beanutils.converters.ArrayConverter:140]: Converting 'Integer[]' value '[Ljava.lang.Integer;@6f2dc55e' to type 'Integer[]'
[DEBUG][2020-07-06 21:14:24,742][org.apache.commons.beanutils.converters.ArrayConverter:162]:     No conversion required, value is already a Integer[]
[DEBUG][2020-07-06 21:14:24,742][org.apache.commons.beanutils.converters.ArrayConverter:353]: Setting default value: [Ljava.lang.Long;@32b3eb20
[DEBUG][2020-07-06 21:14:24,743][org.apache.commons.beanutils.converters.ArrayConverter:140]: Converting 'Long[]' value '[Ljava.lang.Long;@32b3eb20' to type 'Long[]'
[DEBUG][2020-07-06 21:14:24,743][org.apache.commons.beanutils.converters.ArrayConverter:162]:     No conversion required, value is already a Long[]
[DEBUG][2020-07-06 21:14:24,743][org.apache.commons.beanutils.converters.ArrayConverter:353]: Setting default value: [Ljava.lang.Short;@63219934
[DEBUG][2020-07-06 21:14:24,743][org.apache.commons.beanutils.converters.ArrayConverter:140]: Converting 'Short[]' value '[Ljava.lang.Short;@63219934' to type 'Short[]'
[DEBUG][2020-07-06 21:14:24,743][org.apache.commons.beanutils.converters.ArrayConverter:162]:     No conversion required, value is already a Short[]
[DEBUG][2020-07-06 21:14:24,743][org.apache.commons.beanutils.converters.ArrayConverter:353]: Setting default value: [Ljava.lang.String;@418e8e0e
[DEBUG][2020-07-06 21:14:24,743][org.apache.commons.beanutils.converters.ArrayConverter:140]: Converting 'String[]' value '[Ljava.lang.String;@418e8e0e' to type 'String[]'
[DEBUG][2020-07-06 21:14:24,743][org.apache.commons.beanutils.converters.ArrayConverter:162]:     No conversion required, value is already a String[]
[DEBUG][2020-07-06 21:14:24,744][org.apache.commons.beanutils.converters.ArrayConverter:353]: Setting default value: [Ljava.lang.Class;@345e898a
[DEBUG][2020-07-06 21:14:24,744][org.apache.commons.beanutils.converters.ArrayConverter:140]: Converting 'Class[]' value '[Ljava.lang.Class;@345e898a' to type 'Class[]'
[DEBUG][2020-07-06 21:14:24,744][org.apache.commons.beanutils.converters.ArrayConverter:162]:     No conversion required, value is already a Class[]
[DEBUG][2020-07-06 21:14:24,744][org.apache.commons.beanutils.converters.ArrayConverter:353]: Setting default value: [Ljava.util.Date;@9bc7bb3
[DEBUG][2020-07-06 21:14:24,744][org.apache.commons.beanutils.converters.ArrayConverter:140]: Converting 'Date[]' value '[Ljava.util.Date;@9bc7bb3' to type 'Date[]'
[DEBUG][2020-07-06 21:14:24,744][org.apache.commons.beanutils.converters.ArrayConverter:162]:     No conversion required, value is already a Date[]
[DEBUG][2020-07-06 21:14:24,744][org.apache.commons.beanutils.converters.ArrayConverter:353]: Setting default value: [Ljava.util.Calendar;@a7fe2f7
[DEBUG][2020-07-06 21:14:24,744][org.apache.commons.beanutils.converters.ArrayConverter:140]: Converting 'Calendar[]' value '[Ljava.util.Calendar;@a7fe2f7' to type 'Calendar[]'
[DEBUG][2020-07-06 21:14:24,745][org.apache.commons.beanutils.converters.ArrayConverter:162]:     No conversion required, value is already a Calendar[]
[DEBUG][2020-07-06 21:14:24,745][org.apache.commons.beanutils.converters.ArrayConverter:353]: Setting default value: [Ljava.io.File;@3aecef04
[DEBUG][2020-07-06 21:14:24,745][org.apache.commons.beanutils.converters.ArrayConverter:140]: Converting 'java.io.File[]' value '[Ljava.io.File;@3aecef04' to type 'java.io.File[]'
[DEBUG][2020-07-06 21:14:24,745][org.apache.commons.beanutils.converters.ArrayConverter:162]:     No conversion required, value is already a java.io.File[]
[DEBUG][2020-07-06 21:14:24,745][org.apache.commons.beanutils.converters.ArrayConverter:353]: Setting default value: [Ljava.sql.Date;@5c67a7df
[DEBUG][2020-07-06 21:14:24,745][org.apache.commons.beanutils.converters.ArrayConverter:140]: Converting 'java.sql.Date[]' value '[Ljava.sql.Date;@5c67a7df' to type 'java.sql.Date[]'
[DEBUG][2020-07-06 21:14:24,745][org.apache.commons.beanutils.converters.ArrayConverter:162]:     No conversion required, value is already a java.sql.Date[]
[DEBUG][2020-07-06 21:14:24,745][org.apache.commons.beanutils.converters.ArrayConverter:353]: Setting default value: [Ljava.sql.Time;@1e1de0bf
[DEBUG][2020-07-06 21:14:24,746][org.apache.commons.beanutils.converters.ArrayConverter:140]: Converting 'java.sql.Time[]' value '[Ljava.sql.Time;@1e1de0bf' to type 'java.sql.Time[]'
[DEBUG][2020-07-06 21:14:24,746][org.apache.commons.beanutils.converters.ArrayConverter:162]:     No conversion required, value is already a java.sql.Time[]
[DEBUG][2020-07-06 21:14:24,746][org.apache.commons.beanutils.converters.ArrayConverter:353]: Setting default value: [Ljava.sql.Timestamp;@f0adab
[DEBUG][2020-07-06 21:14:24,746][org.apache.commons.beanutils.converters.ArrayConverter:140]: Converting 'java.sql.Timestamp[]' value '[Ljava.sql.Timestamp;@f0adab' to type 'java.sql.Timestamp[]'
[DEBUG][2020-07-06 21:14:24,746][org.apache.commons.beanutils.converters.ArrayConverter:162]:     No conversion required, value is already a java.sql.Timestamp[]
[DEBUG][2020-07-06 21:14:24,746][org.apache.commons.beanutils.converters.ArrayConverter:353]: Setting default value: [Ljava.net.URL;@3fa0592a
[DEBUG][2020-07-06 21:14:24,746][org.apache.commons.beanutils.converters.ArrayConverter:140]: Converting 'java.net.URL[]' value '[Ljava.net.URL;@3fa0592a' to type 'java.net.URL[]'
[DEBUG][2020-07-06 21:14:24,746][org.apache.commons.beanutils.converters.ArrayConverter:162]:     No conversion required, value is already a java.net.URL[]
[DEBUG][2020-07-06 21:14:24,752][org.apache.commons.beanutils.BeanUtils:808]: BeanUtils.populate(cn.itcast.travel.domain.User@20364252, {password=[Ljava.lang.String;@208a73de, action=[Ljava.lang.String;@715f55e8, check=[Ljava.lang.String;@35ff2912, username=[Ljava.lang.String;@27c9c92d})
[TRACE][2020-07-06 21:14:24,752][org.apache.commons.beanutils.BeanUtils:886]:   setProperty(cn.itcast.travel.domain.User@20364252, password, [wanyong668566])
[TRACE][2020-07-06 21:14:24,752][org.apache.commons.beanutils.BeanUtils:904]:     Target bean = cn.itcast.travel.domain.User@20364252
[TRACE][2020-07-06 21:14:24,752][org.apache.commons.beanutils.BeanUtils:905]:     Target name = password
[DEBUG][2020-07-06 21:14:24,755][org.apache.commons.beanutils.ConvertUtils:481]: Convert string 'wanyong668566' to class 'java.lang.String'
[TRACE][2020-07-06 21:14:24,756][org.apache.commons.beanutils.ConvertUtils:489]:   Using converter ConverterFacade[StringConverter[UseDefault=true]]
[DEBUG][2020-07-06 21:14:24,756][org.apache.commons.beanutils.converters.StringConverter:140]: Converting 'String' value 'wanyong668566' to type 'String'
[TRACE][2020-07-06 21:14:24,757][org.apache.commons.beanutils.PropertyUtils:2094]: setSimpleProperty: Invoking method public void cn.itcast.travel.domain.User.setPassword(java.lang.String) with value wanyong668566 (class java.lang.String)
[TRACE][2020-07-06 21:14:24,758][org.apache.commons.beanutils.BeanUtils:886]:   setProperty(cn.itcast.travel.domain.User@20364252, action, [login])
[TRACE][2020-07-06 21:14:24,758][org.apache.commons.beanutils.BeanUtils:904]:     Target bean = cn.itcast.travel.domain.User@20364252
[TRACE][2020-07-06 21:14:24,758][org.apache.commons.beanutils.BeanUtils:905]:     Target name = action
[TRACE][2020-07-06 21:14:24,759][org.apache.commons.beanutils.MethodUtils:944]: Matching name=getAction on class cn.itcast.travel.domain.User
[TRACE][2020-07-06 21:14:24,760][org.apache.commons.beanutils.MethodUtils:1029]: No match found.
[TRACE][2020-07-06 21:14:24,760][org.apache.commons.beanutils.MethodUtils:944]: Matching name=isAction on class cn.itcast.travel.domain.User
[TRACE][2020-07-06 21:14:24,760][org.apache.commons.beanutils.MethodUtils:1029]: No match found.
[TRACE][2020-07-06 21:14:24,760][org.apache.commons.beanutils.BeanUtils:886]:   setProperty(cn.itcast.travel.domain.User@20364252, check, [3eaa])
[TRACE][2020-07-06 21:14:24,760][org.apache.commons.beanutils.BeanUtils:904]:     Target bean = cn.itcast.travel.domain.User@20364252
[TRACE][2020-07-06 21:14:24,760][org.apache.commons.beanutils.BeanUtils:905]:     Target name = check
[TRACE][2020-07-06 21:14:24,760][org.apache.commons.beanutils.MethodUtils:944]: Matching name=getCheck on class cn.itcast.travel.domain.User
[TRACE][2020-07-06 21:14:24,761][org.apache.commons.beanutils.MethodUtils:1029]: No match found.
[TRACE][2020-07-06 21:14:24,761][org.apache.commons.beanutils.MethodUtils:944]: Matching name=isCheck on class cn.itcast.travel.domain.User
[TRACE][2020-07-06 21:14:24,761][org.apache.commons.beanutils.MethodUtils:1029]: No match found.
[TRACE][2020-07-06 21:14:24,761][org.apache.commons.beanutils.BeanUtils:886]:   setProperty(cn.itcast.travel.domain.User@20364252, username, [wangergou])
[TRACE][2020-07-06 21:14:24,761][org.apache.commons.beanutils.BeanUtils:904]:     Target bean = cn.itcast.travel.domain.User@20364252
[TRACE][2020-07-06 21:14:24,761][org.apache.commons.beanutils.BeanUtils:905]:     Target name = username
[DEBUG][2020-07-06 21:14:24,761][org.apache.commons.beanutils.ConvertUtils:481]: Convert string 'wangergou' to class 'java.lang.String'
[TRACE][2020-07-06 21:14:24,761][org.apache.commons.beanutils.ConvertUtils:489]:   Using converter ConverterFacade[StringConverter[UseDefault=true]]
[DEBUG][2020-07-06 21:14:24,761][org.apache.commons.beanutils.converters.StringConverter:140]: Converting 'String' value 'wangergou' to type 'String'
[TRACE][2020-07-06 21:14:24,761][org.apache.commons.beanutils.PropertyUtils:2094]: setSimpleProperty: Invoking method public void cn.itcast.travel.domain.User.setUsername(java.lang.String) with value wangergou (class java.lang.String)
[TRACE][2020-07-06 21:14:24,762][org.springframework.beans.CachedIntrospectionResults:265]: Getting BeanInfo for class [cn.itcast.travel.domain.User]
[TRACE][2020-07-06 21:14:24,762][org.springframework.beans.CachedIntrospectionResults:284]: Caching PropertyDescriptors for class [cn.itcast.travel.domain.User]
[TRACE][2020-07-06 21:14:24,762][org.springframework.beans.CachedIntrospectionResults:297]: Found bean property 'birthday' of type [java.lang.String]
[TRACE][2020-07-06 21:14:24,762][org.springframework.beans.CachedIntrospectionResults:297]: Found bean property 'class' of type [java.lang.Class]
[TRACE][2020-07-06 21:14:24,763][org.springframework.beans.CachedIntrospectionResults:297]: Found bean property 'code' of type [java.lang.String]
[TRACE][2020-07-06 21:14:24,763][org.springframework.beans.CachedIntrospectionResults:297]: Found bean property 'email' of type [java.lang.String]
[TRACE][2020-07-06 21:14:24,763][org.springframework.beans.CachedIntrospectionResults:297]: Found bean property 'name' of type [java.lang.String]
[TRACE][2020-07-06 21:14:24,763][org.springframework.beans.CachedIntrospectionResults:297]: Found bean property 'password' of type [java.lang.String]
[TRACE][2020-07-06 21:14:24,763][org.springframework.beans.CachedIntrospectionResults:297]: Found bean property 'sex' of type [java.lang.String]
[TRACE][2020-07-06 21:14:24,763][org.springframework.beans.CachedIntrospectionResults:297]: Found bean property 'status' of type [java.lang.String]
[TRACE][2020-07-06 21:14:24,764][org.springframework.beans.CachedIntrospectionResults:297]: Found bean property 'telephone' of type [java.lang.String]
[TRACE][2020-07-06 21:14:24,764][org.springframework.beans.CachedIntrospectionResults:297]: Found bean property 'uid' of type [int]
[TRACE][2020-07-06 21:14:24,764][org.springframework.beans.CachedIntrospectionResults:297]: Found bean property 'username' of type [java.lang.String]
[DEBUG][2020-07-06 21:14:24,765][org.springframework.jdbc.core.JdbcTemplate:693]: Executing prepared SQL query
[DEBUG][2020-07-06 21:14:24,766][org.springframework.jdbc.core.JdbcTemplate:627]: Executing prepared SQL statement [SELECT * FROM tab_user WHERE username = ? and password = ?]
[DEBUG][2020-07-06 21:14:24,766][org.springframework.jdbc.datasource.DataSourceUtils:110]: Fetching JDBC Connection from DataSource
[TRACE][2020-07-06 21:14:24,774][org.springframework.jdbc.core.StatementCreatorUtils:225]: Setting SQL statement parameter value: column index 1, parameter value [wangergou], value class [java.lang.String], SQL type unknown
[TRACE][2020-07-06 21:14:24,774][org.springframework.jdbc.core.StatementCreatorUtils:225]: Setting SQL statement parameter value: column index 2, parameter value [wanyong668566], value class [java.lang.String], SQL type unknown
[DEBUG][2020-07-06 21:14:24,775][org.springframework.jdbc.core.BeanPropertyRowMapper:251]: Mapping column 'uid' to property 'uid' of type int
[DEBUG][2020-07-06 21:14:24,775][org.springframework.jdbc.core.BeanPropertyRowMapper:251]: Mapping column 'username' to property 'username' of type class java.lang.String
[DEBUG][2020-07-06 21:14:24,775][org.springframework.jdbc.core.BeanPropertyRowMapper:251]: Mapping column 'password' to property 'password' of type class java.lang.String
[DEBUG][2020-07-06 21:14:24,776][org.springframework.jdbc.core.BeanPropertyRowMapper:251]: Mapping column 'name' to property 'name' of type class java.lang.String
[DEBUG][2020-07-06 21:14:24,779][org.springframework.jdbc.core.BeanPropertyRowMapper:251]: Mapping column 'birthday' to property 'birthday' of type class java.lang.String
[DEBUG][2020-07-06 21:14:24,779][org.springframework.jdbc.core.BeanPropertyRowMapper:251]: Mapping column 'sex' to property 'sex' of type class java.lang.String
[DEBUG][2020-07-06 21:14:24,779][org.springframework.jdbc.core.BeanPropertyRowMapper:251]: Mapping column 'telephone' to property 'telephone' of type class java.lang.String
[DEBUG][2020-07-06 21:14:24,779][org.springframework.jdbc.core.BeanPropertyRowMapper:251]: Mapping column 'email' to property 'email' of type class java.lang.String
[DEBUG][2020-07-06 21:14:24,779][org.springframework.jdbc.core.BeanPropertyRowMapper:251]: Mapping column 'status' to property 'status' of type class java.lang.String
[DEBUG][2020-07-06 21:14:24,780][org.springframework.jdbc.core.BeanPropertyRowMapper:251]: Mapping column 'code' to property 'code' of type class java.lang.String
[DEBUG][2020-07-06 21:14:24,780][org.springframework.jdbc.datasource.DataSourceUtils:327]: Returning JDBC Connection to DataSource
[INFO][2020-07-06 21:14:24,781][cn.itcast.travel.web.servlet.UserServlet:119]: 3eaa
[INFO][2020-07-06 21:14:24,781][cn.itcast.travel.web.servlet.UserServlet:122]: 3EAA
[INFO][2020-07-06 21:14:24,845][cn.itcast.travel.web.servlet.BaseServlet:22]: uri= /travel/user/findOne
[INFO][2020-07-06 21:14:24,846][cn.itcast.travel.web.servlet.BaseServlet:26]: method= findOne
[INFO][2020-07-06 21:14:24,846][cn.itcast.travel.web.servlet.BaseServlet:30]: cn.itcast.travel.web.servlet.UserServlet@6228552d
[INFO][2020-07-06 21:14:24,846][cn.itcast.travel.web.servlet.BaseServlet:22]: uri= /travel/category/findAll
[INFO][2020-07-06 21:14:24,847][cn.itcast.travel.web.servlet.BaseServlet:26]: method= findAll
[INFO][2020-07-06 21:14:24,847][cn.itcast.travel.web.servlet.BaseServlet:30]: cn.itcast.travel.web.servlet.CategoryServlet@465c88eb
[INFO][2020-07-06 21:14:24,848][cn.itcast.travel.service.impl.CategoryServiceImpl:37]: 从redis中查询....
[INFO][2020-07-06 21:38:07,062][cn.itcast.travel.web.servlet.BaseServlet:22]: uri= /travel/category/findAll
[INFO][2020-07-06 21:38:07,062][cn.itcast.travel.web.servlet.BaseServlet:22]: uri= /travel/user/findOne
[INFO][2020-07-06 21:38:07,065][cn.itcast.travel.web.servlet.BaseServlet:26]: method= findAll
[INFO][2020-07-06 21:38:07,066][cn.itcast.travel.web.servlet.BaseServlet:30]: cn.itcast.travel.web.servlet.CategoryServlet@47939cef
[INFO][2020-07-06 21:38:07,066][cn.itcast.travel.web.servlet.BaseServlet:26]: method= findOne
[INFO][2020-07-06 21:38:07,067][cn.itcast.travel.web.servlet.BaseServlet:30]: cn.itcast.travel.web.servlet.UserServlet@1f263f4c
[INFO][2020-07-06 21:38:07,165][cn.itcast.travel.web.servlet.CheckCodeServlet:50]: checkCode=99c3
[INFO][2020-07-06 21:38:07,183][cn.itcast.travel.service.impl.CategoryServiceImpl:38]: 从redis中查询....
[INFO][2020-07-06 21:38:07,184][cn.itcast.travel.service.impl.CategoryServiceImpl:48]: [[-23, -105, -88, -25, -91, -88],1.0]
[INFO][2020-07-06 21:38:07,184][cn.itcast.travel.service.impl.CategoryServiceImpl:48]: [[-23, -123, -110, -27, -70, -105],2.0]
[INFO][2020-07-06 21:38:07,184][cn.itcast.travel.service.impl.CategoryServiceImpl:48]: [[-23, -90, -103, -26, -72, -81, -24, -67, -90, -25, -91, -88],3.0]
[INFO][2020-07-06 21:38:07,184][cn.itcast.travel.service.impl.CategoryServiceImpl:48]: [[-27, -92, -124, -27, -94, -125, -26, -72, -72],4.0]
[INFO][2020-07-06 21:38:07,185][cn.itcast.travel.service.impl.CategoryServiceImpl:48]: [[-27, -101, -67, -27, -122, -123, -26, -72, -72],5.0]
[INFO][2020-07-06 21:38:07,185][cn.itcast.travel.service.impl.CategoryServiceImpl:48]: [[-26, -72, -81, -26, -66, -77, -26, -72, -72],6.0]
[INFO][2020-07-06 21:38:07,185][cn.itcast.travel.service.impl.CategoryServiceImpl:48]: [[-26, -118, -79, -27, -101, -94, -27, -82, -102, -27, -120, -74],7.0]
[INFO][2020-07-06 21:38:07,185][cn.itcast.travel.service.impl.CategoryServiceImpl:48]: [[-27, -123, -88, -25, -112, -125, -24, -121, -86, -25, -108, -79, -24, -95, -116],8.0]
[INFO][2020-07-06 21:38:53,947][cn.itcast.travel.web.servlet.BaseServlet:22]: uri= /travel/user/findOne
[INFO][2020-07-06 21:38:53,947][cn.itcast.travel.web.servlet.BaseServlet:22]: uri= /travel/category/findAll
[INFO][2020-07-06 21:38:53,950][cn.itcast.travel.web.servlet.BaseServlet:26]: method= findOne
[INFO][2020-07-06 21:38:53,951][cn.itcast.travel.web.servlet.BaseServlet:30]: cn.itcast.travel.web.servlet.UserServlet@2270a62e
[INFO][2020-07-06 21:38:53,951][cn.itcast.travel.web.servlet.BaseServlet:26]: method= findAll
[INFO][2020-07-06 21:38:53,952][cn.itcast.travel.web.servlet.BaseServlet:30]: cn.itcast.travel.web.servlet.CategoryServlet@67942fcc
[INFO][2020-07-06 21:38:54,064][cn.itcast.travel.web.servlet.CheckCodeServlet:50]: checkCode=1gDa
[INFO][2020-07-06 21:38:54,082][cn.itcast.travel.service.impl.CategoryServiceImpl:38]: 从redis中查询....
[INFO][2020-07-06 21:38:54,083][cn.itcast.travel.service.impl.CategoryServiceImpl:48]: 门票
[INFO][2020-07-06 21:38:54,083][cn.itcast.travel.service.impl.CategoryServiceImpl:50]: 1.0
[INFO][2020-07-06 21:38:54,083][cn.itcast.travel.service.impl.CategoryServiceImpl:48]: 酒店
[INFO][2020-07-06 21:38:54,084][cn.itcast.travel.service.impl.CategoryServiceImpl:50]: 2.0
[INFO][2020-07-06 21:38:54,084][cn.itcast.travel.service.impl.CategoryServiceImpl:48]: 香港车票
[INFO][2020-07-06 21:38:54,084][cn.itcast.travel.service.impl.CategoryServiceImpl:50]: 3.0
[INFO][2020-07-06 21:38:54,084][cn.itcast.travel.service.impl.CategoryServiceImpl:48]: 处境游
[INFO][2020-07-06 21:38:54,084][cn.itcast.travel.service.impl.CategoryServiceImpl:50]: 4.0
[INFO][2020-07-06 21:38:54,085][cn.itcast.travel.service.impl.CategoryServiceImpl:48]: 国内游
[INFO][2020-07-06 21:38:54,085][cn.itcast.travel.service.impl.CategoryServiceImpl:50]: 5.0
[INFO][2020-07-06 21:38:54,085][cn.itcast.travel.service.impl.CategoryServiceImpl:48]: 港澳游
[INFO][2020-07-06 21:38:54,085][cn.itcast.travel.service.impl.CategoryServiceImpl:50]: 6.0
[INFO][2020-07-06 21:38:54,086][cn.itcast.travel.service.impl.CategoryServiceImpl:48]: 抱团定制
[INFO][2020-07-06 21:38:54,086][cn.itcast.travel.service.impl.CategoryServiceImpl:50]: 7.0
[INFO][2020-07-06 21:38:54,086][cn.itcast.travel.service.impl.CategoryServiceImpl:48]: 全球自由行
[INFO][2020-07-06 21:38:54,087][cn.itcast.travel.service.impl.CategoryServiceImpl:50]: 8.0
[INFO][2020-07-07 20:45:21,947][cn.itcast.travel.web.servlet.BaseServlet:22]: uri= /travel/category/findAll
[INFO][2020-07-07 20:45:21,947][cn.itcast.travel.web.servlet.BaseServlet:22]: uri= /travel/user/findOne
[INFO][2020-07-07 20:45:21,949][cn.itcast.travel.web.servlet.BaseServlet:26]: method= findAll
[INFO][2020-07-07 20:45:21,949][cn.itcast.travel.web.servlet.BaseServlet:26]: method= findOne
[INFO][2020-07-07 20:45:21,950][cn.itcast.travel.web.servlet.BaseServlet:30]: cn.itcast.travel.web.servlet.UserServlet@3821bd42
[INFO][2020-07-07 20:45:21,949][cn.itcast.travel.web.servlet.BaseServlet:30]: cn.itcast.travel.web.servlet.CategoryServlet@7ada4346
[INFO][2020-07-07 20:45:40,097][cn.itcast.travel.web.servlet.BaseServlet:22]: uri= /travel/user/findOne
[INFO][2020-07-07 20:45:40,099][cn.itcast.travel.web.servlet.BaseServlet:26]: method= findOne
[INFO][2020-07-07 20:45:40,099][cn.itcast.travel.web.servlet.BaseServlet:30]: cn.itcast.travel.web.servlet.UserServlet@3821bd42
[INFO][2020-07-07 20:45:40,100][cn.itcast.travel.web.servlet.BaseServlet:22]: uri= /travel/category/findAll
[INFO][2020-07-07 20:45:40,101][cn.itcast.travel.web.servlet.BaseServlet:26]: method= findAll
[INFO][2020-07-07 20:45:40,101][cn.itcast.travel.web.servlet.BaseServlet:30]: cn.itcast.travel.web.servlet.CategoryServlet@7ada4346
[INFO][2020-07-07 20:45:51,982][cn.itcast.travel.web.servlet.BaseServlet:22]: uri= /travel/user/findOne
[INFO][2020-07-07 20:45:51,982][cn.itcast.travel.web.servlet.BaseServlet:22]: uri= /travel/category/findAll
[INFO][2020-07-07 20:45:51,983][cn.itcast.travel.web.servlet.BaseServlet:26]: method= findAll
[INFO][2020-07-07 20:45:51,983][cn.itcast.travel.web.servlet.BaseServlet:30]: cn.itcast.travel.web.servlet.CategoryServlet@7ada4346
[INFO][2020-07-07 20:45:51,982][cn.itcast.travel.web.servlet.BaseServlet:26]: method= findOne
[INFO][2020-07-07 20:45:51,983][cn.itcast.travel.web.servlet.BaseServlet:30]: cn.itcast.travel.web.servlet.UserServlet@3821bd42
[INFO][2020-07-07 20:46:55,360][cn.itcast.travel.web.servlet.BaseServlet:22]: uri= /travel/category/findAll
[INFO][2020-07-07 20:46:55,364][cn.itcast.travel.web.servlet.BaseServlet:26]: method= findAll
[INFO][2020-07-07 20:46:55,360][cn.itcast.travel.web.servlet.BaseServlet:22]: uri= /travel/user/findOne
[INFO][2020-07-07 20:46:55,364][cn.itcast.travel.web.servlet.BaseServlet:30]: cn.itcast.travel.web.servlet.CategoryServlet@5578190b
[INFO][2020-07-07 20:46:55,366][cn.itcast.travel.web.servlet.BaseServlet:26]: method= findOne
[INFO][2020-07-07 20:46:55,367][cn.itcast.travel.web.servlet.BaseServlet:30]: cn.itcast.travel.web.servlet.UserServlet@4a7194ad
[INFO][2020-07-07 20:46:55,440][cn.itcast.travel.service.impl.CategoryServiceImpl:30]: 从数据库查询....
[TRACE][2020-07-07 20:46:55,470][org.springframework.core.io.support.SpringFactoriesLoader:87]: Loaded [org.springframework.beans.BeanInfoFactory] names: [org.springframework.beans.ExtendedBeanInfoFactory]
[TRACE][2020-07-07 20:46:55,475][org.springframework.beans.CachedIntrospectionResults:265]: Getting BeanInfo for class [cn.itcast.travel.domain.Category]
[TRACE][2020-07-07 20:46:55,479][org.springframework.beans.CachedIntrospectionResults:284]: Caching PropertyDescriptors for class [cn.itcast.travel.domain.Category]
[TRACE][2020-07-07 20:46:55,481][org.springframework.beans.CachedIntrospectionResults:297]: Found bean property 'cid' of type [int]
[TRACE][2020-07-07 20:46:55,491][org.springframework.beans.CachedIntrospectionResults:297]: Found bean property 'class' of type [java.lang.Class]
[TRACE][2020-07-07 20:46:55,494][org.springframework.beans.CachedIntrospectionResults:297]: Found bean property 'cname' of type [java.lang.String]
[DEBUG][2020-07-07 20:46:55,496][org.springframework.jdbc.core.JdbcTemplate:448]: Executing SQL query [SELECT * FROM tab_category]
[DEBUG][2020-07-07 20:46:55,499][org.springframework.jdbc.datasource.DataSourceUtils:110]: Fetching JDBC Connection from DataSource
[INFO][2020-07-07 20:46:55,706][com.alibaba.druid.pool.DruidDataSource:655]: {dataSource-1} inited
[DEBUG][2020-07-07 20:46:55,720][org.springframework.jdbc.core.BeanPropertyRowMapper:251]: Mapping column 'cid' to property 'cid' of type int
[DEBUG][2020-07-07 20:46:55,722][org.springframework.jdbc.core.BeanPropertyRowMapper:251]: Mapping column 'cname' to property 'cname' of type class java.lang.String
[DEBUG][2020-07-07 20:46:55,724][org.springframework.jdbc.datasource.DataSourceUtils:327]: Returning JDBC Connection to DataSource
[INFO][2020-07-07 20:46:58,976][cn.itcast.travel.web.servlet.BaseServlet:22]: uri= /travel/user/findOne
[INFO][2020-07-07 20:46:58,976][cn.itcast.travel.web.servlet.BaseServlet:26]: method= findOne
[INFO][2020-07-07 20:46:58,977][cn.itcast.travel.web.servlet.BaseServlet:30]: cn.itcast.travel.web.servlet.UserServlet@4a7194ad
[INFO][2020-07-07 20:46:58,985][cn.itcast.travel.web.servlet.BaseServlet:22]: uri= /travel/category/findAll
[INFO][2020-07-07 20:46:58,985][cn.itcast.travel.web.servlet.BaseServlet:26]: method= findAll
[INFO][2020-07-07 20:46:58,986][cn.itcast.travel.web.servlet.BaseServlet:30]: cn.itcast.travel.web.servlet.CategoryServlet@5578190b
[INFO][2020-07-07 20:46:58,987][cn.itcast.travel.service.impl.CategoryServiceImpl:38]: 从redis中查询....
[INFO][2020-07-07 20:46:58,988][cn.itcast.travel.service.impl.CategoryServiceImpl:48]: 门票
[INFO][2020-07-07 20:46:58,988][cn.itcast.travel.service.impl.CategoryServiceImpl:50]: 1.0
[INFO][2020-07-07 20:46:58,988][cn.itcast.travel.service.impl.CategoryServiceImpl:48]: 酒店
[INFO][2020-07-07 20:46:58,989][cn.itcast.travel.service.impl.CategoryServiceImpl:50]: 2.0
[INFO][2020-07-07 20:46:58,989][cn.itcast.travel.service.impl.CategoryServiceImpl:48]: 香港车票
[INFO][2020-07-07 20:46:58,989][cn.itcast.travel.service.impl.CategoryServiceImpl:50]: 3.0
[INFO][2020-07-07 20:46:58,989][cn.itcast.travel.service.impl.CategoryServiceImpl:48]: 处境游
[INFO][2020-07-07 20:46:58,989][cn.itcast.travel.service.impl.CategoryServiceImpl:50]: 4.0
[INFO][2020-07-07 20:46:58,989][cn.itcast.travel.service.impl.CategoryServiceImpl:48]: 国内游
[INFO][2020-07-07 20:46:58,990][cn.itcast.travel.service.impl.CategoryServiceImpl:50]: 5.0
[INFO][2020-07-07 20:46:58,990][cn.itcast.travel.service.impl.CategoryServiceImpl:48]: 港澳游
[INFO][2020-07-07 20:46:58,990][cn.itcast.travel.service.impl.CategoryServiceImpl:50]: 6.0
[INFO][2020-07-07 20:46:58,990][cn.itcast.travel.service.impl.CategoryServiceImpl:48]: 抱团定制
[INFO][2020-07-07 20:46:58,991][cn.itcast.travel.service.impl.CategoryServiceImpl:50]: 7.0
[INFO][2020-07-07 20:46:58,991][cn.itcast.travel.service.impl.CategoryServiceImpl:48]: 全球自由行
[INFO][2020-07-07 20:46:58,991][cn.itcast.travel.service.impl.CategoryServiceImpl:50]: 8.0
[INFO][2020-07-07 20:47:03,573][cn.itcast.travel.web.servlet.BaseServlet:22]: uri= /travel/user/findOne
[INFO][2020-07-07 20:47:03,573][cn.itcast.travel.web.servlet.BaseServlet:22]: uri= /travel/category/findAll
[INFO][2020-07-07 20:47:03,573][cn.itcast.travel.web.servlet.BaseServlet:26]: method= findAll
[INFO][2020-07-07 20:47:03,573][cn.itcast.travel.web.servlet.BaseServlet:30]: cn.itcast.travel.web.servlet.CategoryServlet@5578190b
[INFO][2020-07-07 20:47:03,573][cn.itcast.travel.web.servlet.BaseServlet:26]: method= findOne
[INFO][2020-07-07 20:47:03,574][cn.itcast.travel.web.servlet.BaseServlet:30]: cn.itcast.travel.web.servlet.UserServlet@4a7194ad
[INFO][2020-07-07 20:47:03,574][cn.itcast.travel.service.impl.CategoryServiceImpl:38]: 从redis中查询....
[INFO][2020-07-07 20:47:03,574][cn.itcast.travel.service.impl.CategoryServiceImpl:48]: 门票
[INFO][2020-07-07 20:47:03,574][cn.itcast.travel.service.impl.CategoryServiceImpl:50]: 1.0
[INFO][2020-07-07 20:47:03,574][cn.itcast.travel.service.impl.CategoryServiceImpl:48]: 酒店
[INFO][2020-07-07 20:47:03,574][cn.itcast.travel.service.impl.CategoryServiceImpl:50]: 2.0
[INFO][2020-07-07 20:47:03,575][cn.itcast.travel.service.impl.CategoryServiceImpl:48]: 香港车票
[INFO][2020-07-07 20:47:03,575][cn.itcast.travel.service.impl.CategoryServiceImpl:50]: 3.0
[INFO][2020-07-07 20:47:03,575][cn.itcast.travel.service.impl.CategoryServiceImpl:48]: 处境游
[INFO][2020-07-07 20:47:03,575][cn.itcast.travel.service.impl.CategoryServiceImpl:50]: 4.0
[INFO][2020-07-07 20:47:03,575][cn.itcast.travel.service.impl.CategoryServiceImpl:48]: 国内游
[INFO][2020-07-07 20:47:03,575][cn.itcast.travel.service.impl.CategoryServiceImpl:50]: 5.0
[INFO][2020-07-07 20:47:03,576][cn.itcast.travel.service.impl.CategoryServiceImpl:48]: 港澳游
[INFO][2020-07-07 20:47:03,576][cn.itcast.travel.service.impl.CategoryServiceImpl:50]: 6.0
[INFO][2020-07-07 20:47:03,576][cn.itcast.travel.service.impl.CategoryServiceImpl:48]: 抱团定制
[INFO][2020-07-07 20:47:03,576][cn.itcast.travel.service.impl.CategoryServiceImpl:50]: 7.0
[INFO][2020-07-07 20:47:03,577][cn.itcast.travel.service.impl.CategoryServiceImpl:48]: 全球自由行
[INFO][2020-07-07 20:47:03,577][cn.itcast.travel.service.impl.CategoryServiceImpl:50]: 8.0
[INFO][2020-07-07 20:47:07,104][cn.itcast.travel.web.servlet.BaseServlet:22]: uri= /travel/user/findOne
[INFO][2020-07-07 20:47:07,104][cn.itcast.travel.web.servlet.BaseServlet:22]: uri= /travel/category/findAll
[INFO][2020-07-07 20:47:07,104][cn.itcast.travel.web.servlet.BaseServlet:26]: method= findAll
[INFO][2020-07-07 20:47:07,104][cn.itcast.travel.web.servlet.BaseServlet:30]: cn.itcast.travel.web.servlet.CategoryServlet@5578190b
[INFO][2020-07-07 20:47:07,104][cn.itcast.travel.web.servlet.BaseServlet:26]: method= findOne
[INFO][2020-07-07 20:47:07,105][cn.itcast.travel.web.servlet.BaseServlet:30]: cn.itcast.travel.web.servlet.UserServlet@4a7194ad
[INFO][2020-07-07 20:47:07,105][cn.itcast.travel.service.impl.CategoryServiceImpl:38]: 从redis中查询....
[INFO][2020-07-07 20:47:07,105][cn.itcast.travel.service.impl.CategoryServiceImpl:48]: 门票
[INFO][2020-07-07 20:47:07,105][cn.itcast.travel.service.impl.CategoryServiceImpl:50]: 1.0
[INFO][2020-07-07 20:47:07,105][cn.itcast.travel.service.impl.CategoryServiceImpl:48]: 酒店
[INFO][2020-07-07 20:47:07,105][cn.itcast.travel.service.impl.CategoryServiceImpl:50]: 2.0
[INFO][2020-07-07 20:47:07,106][cn.itcast.travel.service.impl.CategoryServiceImpl:48]: 香港车票
[INFO][2020-07-07 20:47:07,106][cn.itcast.travel.service.impl.CategoryServiceImpl:50]: 3.0
[INFO][2020-07-07 20:47:07,106][cn.itcast.travel.service.impl.CategoryServiceImpl:48]: 处境游
[INFO][2020-07-07 20:47:07,106][cn.itcast.travel.service.impl.CategoryServiceImpl:50]: 4.0
[INFO][2020-07-07 20:47:07,106][cn.itcast.travel.service.impl.CategoryServiceImpl:48]: 国内游
[INFO][2020-07-07 20:47:07,106][cn.itcast.travel.service.impl.CategoryServiceImpl:50]: 5.0
[INFO][2020-07-07 20:47:07,106][cn.itcast.travel.service.impl.CategoryServiceImpl:48]: 港澳游
[INFO][2020-07-07 20:47:07,106][cn.itcast.travel.service.impl.CategoryServiceImpl:50]: 6.0
[INFO][2020-07-07 20:47:07,106][cn.itcast.travel.service.impl.CategoryServiceImpl:48]: 抱团定制
[INFO][2020-07-07 20:47:07,107][cn.itcast.travel.service.impl.CategoryServiceImpl:50]: 7.0
[INFO][2020-07-07 20:47:07,107][cn.itcast.travel.service.impl.CategoryServiceImpl:48]: 全球自由行
[INFO][2020-07-07 20:47:07,107][cn.itcast.travel.service.impl.CategoryServiceImpl:50]: 8.0
[INFO][2020-07-07 20:47:12,004][cn.itcast.travel.web.servlet.BaseServlet:22]: uri= /travel/user/findOne
[INFO][2020-07-07 20:47:12,004][cn.itcast.travel.web.servlet.BaseServlet:26]: method= findOne
[INFO][2020-07-07 20:47:12,004][cn.itcast.travel.web.servlet.BaseServlet:30]: cn.itcast.travel.web.servlet.UserServlet@4a7194ad
[INFO][2020-07-07 20:47:12,006][cn.itcast.travel.web.servlet.BaseServlet:22]: uri= /travel/category/findAll
[INFO][2020-07-07 20:47:12,007][cn.itcast.travel.web.servlet.BaseServlet:26]: method= findAll
[INFO][2020-07-07 20:47:12,007][cn.itcast.travel.web.servlet.BaseServlet:30]: cn.itcast.travel.web.servlet.CategoryServlet@5578190b
[INFO][2020-07-07 20:47:12,008][cn.itcast.travel.service.impl.CategoryServiceImpl:38]: 从redis中查询....
[INFO][2020-07-07 20:47:12,009][cn.itcast.travel.service.impl.CategoryServiceImpl:48]: 门票
[INFO][2020-07-07 20:47:12,009][cn.itcast.travel.service.impl.CategoryServiceImpl:50]: 1.0
[INFO][2020-07-07 20:47:12,009][cn.itcast.travel.service.impl.CategoryServiceImpl:48]: 酒店
[INFO][2020-07-07 20:47:12,010][cn.itcast.travel.service.impl.CategoryServiceImpl:50]: 2.0
[INFO][2020-07-07 20:47:12,010][cn.itcast.travel.service.impl.CategoryServiceImpl:48]: 香港车票
[INFO][2020-07-07 20:47:12,010][cn.itcast.travel.service.impl.CategoryServiceImpl:50]: 3.0
[INFO][2020-07-07 20:47:12,010][cn.itcast.travel.service.impl.CategoryServiceImpl:48]: 处境游
[INFO][2020-07-07 20:47:12,011][cn.itcast.travel.service.impl.CategoryServiceImpl:50]: 4.0
[INFO][2020-07-07 20:47:12,011][cn.itcast.travel.service.impl.CategoryServiceImpl:48]: 国内游
[INFO][2020-07-07 20:47:12,011][cn.itcast.travel.service.impl.CategoryServiceImpl:50]: 5.0
[INFO][2020-07-07 20:47:12,011][cn.itcast.travel.service.impl.CategoryServiceImpl:48]: 港澳游
[INFO][2020-07-07 20:47:12,011][cn.itcast.travel.service.impl.CategoryServiceImpl:50]: 6.0
[INFO][2020-07-07 20:47:12,011][cn.itcast.travel.service.impl.CategoryServiceImpl:48]: 抱团定制
[INFO][2020-07-07 20:47:12,012][cn.itcast.travel.service.impl.CategoryServiceImpl:50]: 7.0
[INFO][2020-07-07 20:47:12,012][cn.itcast.travel.service.impl.CategoryServiceImpl:48]: 全球自由行
[INFO][2020-07-07 20:47:12,012][cn.itcast.travel.service.impl.CategoryServiceImpl:50]: 8.0
[INFO][2020-07-07 20:47:16,939][cn.itcast.travel.web.servlet.BaseServlet:22]: uri= /travel/user/findOne
[INFO][2020-07-07 20:47:16,939][cn.itcast.travel.web.servlet.BaseServlet:26]: method= findOne
[INFO][2020-07-07 20:47:16,939][cn.itcast.travel.web.servlet.BaseServlet:22]: uri= /travel/category/findAll
[INFO][2020-07-07 20:47:16,939][cn.itcast.travel.web.servlet.BaseServlet:30]: cn.itcast.travel.web.servlet.UserServlet@4a7194ad
[INFO][2020-07-07 20:47:16,940][cn.itcast.travel.web.servlet.BaseServlet:26]: method= findAll
[INFO][2020-07-07 20:47:16,940][cn.itcast.travel.web.servlet.BaseServlet:30]: cn.itcast.travel.web.servlet.CategoryServlet@5578190b
[INFO][2020-07-07 20:47:16,941][cn.itcast.travel.service.impl.CategoryServiceImpl:38]: 从redis中查询....
[INFO][2020-07-07 20:47:16,942][cn.itcast.travel.service.impl.CategoryServiceImpl:48]: 门票
[INFO][2020-07-07 20:47:16,942][cn.itcast.travel.service.impl.CategoryServiceImpl:50]: 1.0
[INFO][2020-07-07 20:47:16,943][cn.itcast.travel.service.impl.CategoryServiceImpl:48]: 酒店
[INFO][2020-07-07 20:47:16,943][cn.itcast.travel.service.impl.CategoryServiceImpl:50]: 2.0
[INFO][2020-07-07 20:47:16,943][cn.itcast.travel.service.impl.CategoryServiceImpl:48]: 香港车票
[INFO][2020-07-07 20:47:16,943][cn.itcast.travel.service.impl.CategoryServiceImpl:50]: 3.0
[INFO][2020-07-07 20:47:16,943][cn.itcast.travel.service.impl.CategoryServiceImpl:48]: 处境游
[INFO][2020-07-07 20:47:16,944][cn.itcast.travel.service.impl.CategoryServiceImpl:50]: 4.0
[INFO][2020-07-07 20:47:16,944][cn.itcast.travel.service.impl.CategoryServiceImpl:48]: 国内游
[INFO][2020-07-07 20:47:16,944][cn.itcast.travel.service.impl.CategoryServiceImpl:50]: 5.0
[INFO][2020-07-07 20:47:16,944][cn.itcast.travel.service.impl.CategoryServiceImpl:48]: 港澳游
[INFO][2020-07-07 20:47:16,944][cn.itcast.travel.service.impl.CategoryServiceImpl:50]: 6.0
[INFO][2020-07-07 20:47:16,945][cn.itcast.travel.service.impl.CategoryServiceImpl:48]: 抱团定制
[INFO][2020-07-07 20:47:16,946][cn.itcast.travel.service.impl.CategoryServiceImpl:50]: 7.0
[INFO][2020-07-07 20:47:16,947][cn.itcast.travel.service.impl.CategoryServiceImpl:48]: 全球自由行
[INFO][2020-07-07 20:47:16,947][cn.itcast.travel.service.impl.CategoryServiceImpl:50]: 8.0
[INFO][2020-07-07 20:55:18,283][cn.itcast.travel.web.servlet.BaseServlet:22]: uri= /travel/category/findAll
[INFO][2020-07-07 20:55:18,283][cn.itcast.travel.web.servlet.BaseServlet:22]: uri= /travel/user/findOne
[INFO][2020-07-07 20:55:18,285][cn.itcast.travel.web.servlet.BaseServlet:26]: method= findAll
[INFO][2020-07-07 20:55:18,286][cn.itcast.travel.web.servlet.BaseServlet:26]: method= findOne
[INFO][2020-07-07 20:55:18,286][cn.itcast.travel.web.servlet.BaseServlet:30]: cn.itcast.travel.web.servlet.UserServlet@1c5bbb1f
[INFO][2020-07-07 20:55:18,286][cn.itcast.travel.web.servlet.BaseServlet:30]: cn.itcast.travel.web.servlet.CategoryServlet@3b5e777
[INFO][2020-07-07 20:55:18,343][cn.itcast.travel.service.impl.CategoryServiceImpl:38]: 从redis中查询....
[INFO][2020-07-07 20:55:18,344][cn.itcast.travel.service.impl.CategoryServiceImpl:48]: 门票
[INFO][2020-07-07 20:55:18,344][cn.itcast.travel.service.impl.CategoryServiceImpl:50]: 1.0
[INFO][2020-07-07 20:55:18,344][cn.itcast.travel.service.impl.CategoryServiceImpl:48]: 酒店
[INFO][2020-07-07 20:55:18,344][cn.itcast.travel.service.impl.CategoryServiceImpl:50]: 2.0
[INFO][2020-07-07 20:55:18,345][cn.itcast.travel.service.impl.CategoryServiceImpl:48]: 香港车票
[INFO][2020-07-07 20:55:18,345][cn.itcast.travel.service.impl.CategoryServiceImpl:50]: 3.0
[INFO][2020-07-07 20:55:18,345][cn.itcast.travel.service.impl.CategoryServiceImpl:48]: 处境游
[INFO][2020-07-07 20:55:18,345][cn.itcast.travel.service.impl.CategoryServiceImpl:50]: 4.0
[INFO][2020-07-07 20:55:18,346][cn.itcast.travel.service.impl.CategoryServiceImpl:48]: 国内游
[INFO][2020-07-07 20:55:18,346][cn.itcast.travel.service.impl.CategoryServiceImpl:50]: 5.0
[INFO][2020-07-07 20:55:18,346][cn.itcast.travel.service.impl.CategoryServiceImpl:48]: 港澳游
[INFO][2020-07-07 20:55:18,346][cn.itcast.travel.service.impl.CategoryServiceImpl:50]: 6.0
[INFO][2020-07-07 20:55:18,346][cn.itcast.travel.service.impl.CategoryServiceImpl:48]: 抱团定制
[INFO][2020-07-07 20:55:18,347][cn.itcast.travel.service.impl.CategoryServiceImpl:50]: 7.0
[INFO][2020-07-07 20:55:18,347][cn.itcast.travel.service.impl.CategoryServiceImpl:48]: 全球自由行
[INFO][2020-07-07 20:55:18,347][cn.itcast.travel.service.impl.CategoryServiceImpl:50]: 8.0
[INFO][2020-07-07 20:55:30,684][cn.itcast.travel.web.servlet.BaseServlet:22]: uri= /travel/user/findOne
[INFO][2020-07-07 20:55:30,684][cn.itcast.travel.web.servlet.BaseServlet:26]: method= findOne
[INFO][2020-07-07 20:55:30,684][cn.itcast.travel.web.servlet.BaseServlet:30]: cn.itcast.travel.web.servlet.UserServlet@1c5bbb1f
[INFO][2020-07-07 20:55:30,686][cn.itcast.travel.web.servlet.BaseServlet:22]: uri= /travel/category/findAll
[INFO][2020-07-07 20:55:30,686][cn.itcast.travel.web.servlet.BaseServlet:26]: method= findAll
[INFO][2020-07-07 20:55:30,687][cn.itcast.travel.web.servlet.BaseServlet:30]: cn.itcast.travel.web.servlet.CategoryServlet@3b5e777
[INFO][2020-07-07 20:55:30,687][cn.itcast.travel.service.impl.CategoryServiceImpl:38]: 从redis中查询....
[INFO][2020-07-07 20:55:30,688][cn.itcast.travel.service.impl.CategoryServiceImpl:48]: 门票
[INFO][2020-07-07 20:55:30,688][cn.itcast.travel.service.impl.CategoryServiceImpl:50]: 1.0
[INFO][2020-07-07 20:55:30,688][cn.itcast.travel.service.impl.CategoryServiceImpl:48]: 酒店
[INFO][2020-07-07 20:55:30,688][cn.itcast.travel.service.impl.CategoryServiceImpl:50]: 2.0
[INFO][2020-07-07 20:55:30,689][cn.itcast.travel.service.impl.CategoryServiceImpl:48]: 香港车票
[INFO][2020-07-07 20:55:30,689][cn.itcast.travel.service.impl.CategoryServiceImpl:50]: 3.0
[INFO][2020-07-07 20:55:30,689][cn.itcast.travel.service.impl.CategoryServiceImpl:48]: 处境游
[INFO][2020-07-07 20:55:30,689][cn.itcast.travel.service.impl.CategoryServiceImpl:50]: 4.0
[INFO][2020-07-07 20:55:30,690][cn.itcast.travel.service.impl.CategoryServiceImpl:48]: 国内游
[INFO][2020-07-07 20:55:30,690][cn.itcast.travel.service.impl.CategoryServiceImpl:50]: 5.0
[INFO][2020-07-07 20:55:30,690][cn.itcast.travel.service.impl.CategoryServiceImpl:48]: 港澳游
[INFO][2020-07-07 20:55:30,690][cn.itcast.travel.service.impl.CategoryServiceImpl:50]: 6.0
[INFO][2020-07-07 20:55:30,690][cn.itcast.travel.service.impl.CategoryServiceImpl:48]: 抱团定制
[INFO][2020-07-07 20:55:30,691][cn.itcast.travel.service.impl.CategoryServiceImpl:50]: 7.0
[INFO][2020-07-07 20:55:30,691][cn.itcast.travel.service.impl.CategoryServiceImpl:48]: 全球自由行
[INFO][2020-07-07 20:55:30,691][cn.itcast.travel.service.impl.CategoryServiceImpl:50]: 8.0
[INFO][2020-07-07 20:55:33,389][cn.itcast.travel.web.servlet.BaseServlet:22]: uri= /travel/user/findOne
[INFO][2020-07-07 20:55:33,389][cn.itcast.travel.web.servlet.BaseServlet:22]: uri= /travel/category/findAll
[INFO][2020-07-07 20:55:33,389][cn.itcast.travel.web.servlet.BaseServlet:26]: method= findOne
[INFO][2020-07-07 20:55:33,390][cn.itcast.travel.web.servlet.BaseServlet:26]: method= findAll
[INFO][2020-07-07 20:55:33,390][cn.itcast.travel.web.servlet.BaseServlet:30]: cn.itcast.travel.web.servlet.UserServlet@1c5bbb1f
[INFO][2020-07-07 20:55:33,390][cn.itcast.travel.web.servlet.BaseServlet:30]: cn.itcast.travel.web.servlet.CategoryServlet@3b5e777
[INFO][2020-07-07 20:55:33,391][cn.itcast.travel.service.impl.CategoryServiceImpl:38]: 从redis中查询....
[INFO][2020-07-07 20:55:33,391][cn.itcast.travel.service.impl.CategoryServiceImpl:48]: 门票
[INFO][2020-07-07 20:55:33,391][cn.itcast.travel.service.impl.CategoryServiceImpl:50]: 1.0
[INFO][2020-07-07 20:55:33,391][cn.itcast.travel.service.impl.CategoryServiceImpl:48]: 酒店
[INFO][2020-07-07 20:55:33,391][cn.itcast.travel.service.impl.CategoryServiceImpl:50]: 2.0
[INFO][2020-07-07 20:55:33,391][cn.itcast.travel.service.impl.CategoryServiceImpl:48]: 香港车票
[INFO][2020-07-07 20:55:33,391][cn.itcast.travel.service.impl.CategoryServiceImpl:50]: 3.0
[INFO][2020-07-07 20:55:33,392][cn.itcast.travel.service.impl.CategoryServiceImpl:48]: 处境游
[INFO][2020-07-07 20:55:33,392][cn.itcast.travel.service.impl.CategoryServiceImpl:50]: 4.0
[INFO][2020-07-07 20:55:33,392][cn.itcast.travel.service.impl.CategoryServiceImpl:48]: 国内游
[INFO][2020-07-07 20:55:33,392][cn.itcast.travel.service.impl.CategoryServiceImpl:50]: 5.0
[INFO][2020-07-07 20:55:33,392][cn.itcast.travel.service.impl.CategoryServiceImpl:48]: 港澳游
[INFO][2020-07-07 20:55:33,393][cn.itcast.travel.service.impl.CategoryServiceImpl:50]: 6.0
[INFO][2020-07-07 20:55:33,393][cn.itcast.travel.service.impl.CategoryServiceImpl:48]: 抱团定制
[INFO][2020-07-07 20:55:33,393][cn.itcast.travel.service.impl.CategoryServiceImpl:50]: 7.0
[INFO][2020-07-07 20:55:33,393][cn.itcast.travel.service.impl.CategoryServiceImpl:48]: 全球自由行
[INFO][2020-07-07 20:55:33,394][cn.itcast.travel.service.impl.CategoryServiceImpl:50]: 8.0
[INFO][2020-07-07 20:55:45,217][cn.itcast.travel.web.servlet.BaseServlet:22]: uri= /travel/user/findOne
[INFO][2020-07-07 20:55:45,217][cn.itcast.travel.web.servlet.BaseServlet:26]: method= findOne
[INFO][2020-07-07 20:55:45,217][cn.itcast.travel.web.servlet.BaseServlet:30]: cn.itcast.travel.web.servlet.UserServlet@1c5bbb1f
[INFO][2020-07-07 20:55:45,220][cn.itcast.travel.web.servlet.BaseServlet:22]: uri= /travel/category/findAll
[INFO][2020-07-07 20:55:45,220][cn.itcast.travel.web.servlet.BaseServlet:26]: method= findAll
[INFO][2020-07-07 20:55:45,220][cn.itcast.travel.web.servlet.BaseServlet:30]: cn.itcast.travel.web.servlet.CategoryServlet@3b5e777
[INFO][2020-07-07 20:55:45,221][cn.itcast.travel.service.impl.CategoryServiceImpl:38]: 从redis中查询....
[INFO][2020-07-07 20:55:45,221][cn.itcast.travel.service.impl.CategoryServiceImpl:48]: 门票
[INFO][2020-07-07 20:55:45,221][cn.itcast.travel.service.impl.CategoryServiceImpl:50]: 1.0
[INFO][2020-07-07 20:55:45,222][cn.itcast.travel.service.impl.CategoryServiceImpl:48]: 酒店
[INFO][2020-07-07 20:55:45,222][cn.itcast.travel.service.impl.CategoryServiceImpl:50]: 2.0
[INFO][2020-07-07 20:55:45,222][cn.itcast.travel.service.impl.CategoryServiceImpl:48]: 香港车票
[INFO][2020-07-07 20:55:45,222][cn.itcast.travel.service.impl.CategoryServiceImpl:50]: 3.0
[INFO][2020-07-07 20:55:45,222][cn.itcast.travel.service.impl.CategoryServiceImpl:48]: 处境游
[INFO][2020-07-07 20:55:45,222][cn.itcast.travel.service.impl.CategoryServiceImpl:50]: 4.0
[INFO][2020-07-07 20:55:45,222][cn.itcast.travel.service.impl.CategoryServiceImpl:48]: 国内游
[INFO][2020-07-07 20:55:45,222][cn.itcast.travel.service.impl.CategoryServiceImpl:50]: 5.0
[INFO][2020-07-07 20:55:45,223][cn.itcast.travel.service.impl.CategoryServiceImpl:48]: 港澳游
[INFO][2020-07-07 20:55:45,223][cn.itcast.travel.service.impl.CategoryServiceImpl:50]: 6.0
[INFO][2020-07-07 20:55:45,223][cn.itcast.travel.service.impl.CategoryServiceImpl:48]: 抱团定制
[INFO][2020-07-07 20:55:45,223][cn.itcast.travel.service.impl.CategoryServiceImpl:50]: 7.0
[INFO][2020-07-07 20:55:45,223][cn.itcast.travel.service.impl.CategoryServiceImpl:48]: 全球自由行
[INFO][2020-07-07 20:55:45,223][cn.itcast.travel.service.impl.CategoryServiceImpl:50]: 8.0
[INFO][2020-07-07 20:55:47,866][cn.itcast.travel.web.servlet.BaseServlet:22]: uri= /travel/user/findOne
[INFO][2020-07-07 20:55:47,866][cn.itcast.travel.web.servlet.BaseServlet:26]: method= findOne
[INFO][2020-07-07 20:55:47,866][cn.itcast.travel.web.servlet.BaseServlet:30]: cn.itcast.travel.web.servlet.UserServlet@1c5bbb1f
[INFO][2020-07-07 20:55:47,869][cn.itcast.travel.web.servlet.BaseServlet:22]: uri= /travel/category/findAll
[INFO][2020-07-07 20:55:47,869][cn.itcast.travel.web.servlet.BaseServlet:26]: method= findAll
[INFO][2020-07-07 20:55:47,869][cn.itcast.travel.web.servlet.BaseServlet:30]: cn.itcast.travel.web.servlet.CategoryServlet@3b5e777
[INFO][2020-07-07 20:55:47,870][cn.itcast.travel.service.impl.CategoryServiceImpl:38]: 从redis中查询....
[INFO][2020-07-07 20:55:47,870][cn.itcast.travel.service.impl.CategoryServiceImpl:48]: 门票
[INFO][2020-07-07 20:55:47,870][cn.itcast.travel.service.impl.CategoryServiceImpl:50]: 1.0
[INFO][2020-07-07 20:55:47,870][cn.itcast.travel.service.impl.CategoryServiceImpl:48]: 酒店
[INFO][2020-07-07 20:55:47,871][cn.itcast.travel.service.impl.CategoryServiceImpl:50]: 2.0
[INFO][2020-07-07 20:55:47,871][cn.itcast.travel.service.impl.CategoryServiceImpl:48]: 香港车票
[INFO][2020-07-07 20:55:47,871][cn.itcast.travel.service.impl.CategoryServiceImpl:50]: 3.0
[INFO][2020-07-07 20:55:47,871][cn.itcast.travel.service.impl.CategoryServiceImpl:48]: 处境游
[INFO][2020-07-07 20:55:47,871][cn.itcast.travel.service.impl.CategoryServiceImpl:50]: 4.0
[INFO][2020-07-07 20:55:47,871][cn.itcast.travel.service.impl.CategoryServiceImpl:48]: 国内游
[INFO][2020-07-07 20:55:47,871][cn.itcast.travel.service.impl.CategoryServiceImpl:50]: 5.0
[INFO][2020-07-07 20:55:47,871][cn.itcast.travel.service.impl.CategoryServiceImpl:48]: 港澳游
[INFO][2020-07-07 20:55:47,873][cn.itcast.travel.service.impl.CategoryServiceImpl:50]: 6.0
[INFO][2020-07-07 20:55:47,873][cn.itcast.travel.service.impl.CategoryServiceImpl:48]: 抱团定制
[INFO][2020-07-07 20:55:47,873][cn.itcast.travel.service.impl.CategoryServiceImpl:50]: 7.0
[INFO][2020-07-07 20:55:47,873][cn.itcast.travel.service.impl.CategoryServiceImpl:48]: 全球自由行
[INFO][2020-07-07 20:55:47,873][cn.itcast.travel.service.impl.CategoryServiceImpl:50]: 8.0
[INFO][2020-07-07 20:55:49,409][cn.itcast.travel.web.servlet.BaseServlet:22]: uri= /travel/user/findOne
[INFO][2020-07-07 20:55:49,409][cn.itcast.travel.web.servlet.BaseServlet:26]: method= findOne
[INFO][2020-07-07 20:55:49,409][cn.itcast.travel.web.servlet.BaseServlet:30]: cn.itcast.travel.web.servlet.UserServlet@1c5bbb1f
[INFO][2020-07-07 20:55:49,410][cn.itcast.travel.web.servlet.BaseServlet:22]: uri= /travel/category/findAll
[INFO][2020-07-07 20:55:49,410][cn.itcast.travel.web.servlet.BaseServlet:26]: method= findAll
[INFO][2020-07-07 20:55:49,410][cn.itcast.travel.web.servlet.BaseServlet:30]: cn.itcast.travel.web.servlet.CategoryServlet@3b5e777
[INFO][2020-07-07 20:55:49,411][cn.itcast.travel.service.impl.CategoryServiceImpl:38]: 从redis中查询....
[INFO][2020-07-07 20:55:49,411][cn.itcast.travel.service.impl.CategoryServiceImpl:48]: 门票
[INFO][2020-07-07 20:55:49,411][cn.itcast.travel.service.impl.CategoryServiceImpl:50]: 1.0
[INFO][2020-07-07 20:55:49,412][cn.itcast.travel.service.impl.CategoryServiceImpl:48]: 酒店
[INFO][2020-07-07 20:55:49,412][cn.itcast.travel.service.impl.CategoryServiceImpl:50]: 2.0
[INFO][2020-07-07 20:55:49,412][cn.itcast.travel.service.impl.CategoryServiceImpl:48]: 香港车票
[INFO][2020-07-07 20:55:49,412][cn.itcast.travel.service.impl.CategoryServiceImpl:50]: 3.0
[INFO][2020-07-07 20:55:49,412][cn.itcast.travel.service.impl.CategoryServiceImpl:48]: 处境游
[INFO][2020-07-07 20:55:49,412][cn.itcast.travel.service.impl.CategoryServiceImpl:50]: 4.0
[INFO][2020-07-07 20:55:49,413][cn.itcast.travel.service.impl.CategoryServiceImpl:48]: 国内游
[INFO][2020-07-07 20:55:49,413][cn.itcast.travel.service.impl.CategoryServiceImpl:50]: 5.0
[INFO][2020-07-07 20:55:49,413][cn.itcast.travel.service.impl.CategoryServiceImpl:48]: 港澳游
[INFO][2020-07-07 20:55:49,413][cn.itcast.travel.service.impl.CategoryServiceImpl:50]: 6.0
[INFO][2020-07-07 20:55:49,413][cn.itcast.travel.service.impl.CategoryServiceImpl:48]: 抱团定制
[INFO][2020-07-07 20:55:49,414][cn.itcast.travel.service.impl.CategoryServiceImpl:50]: 7.0
[INFO][2020-07-07 20:55:49,414][cn.itcast.travel.service.impl.CategoryServiceImpl:48]: 全球自由行
[INFO][2020-07-07 20:55:49,414][cn.itcast.travel.service.impl.CategoryServiceImpl:50]: 8.0
[INFO][2020-07-07 20:55:50,698][cn.itcast.travel.web.servlet.BaseServlet:22]: uri= /travel/user/findOne
[INFO][2020-07-07 20:55:50,698][cn.itcast.travel.web.servlet.BaseServlet:26]: method= findOne
[INFO][2020-07-07 20:55:50,698][cn.itcast.travel.web.servlet.BaseServlet:30]: cn.itcast.travel.web.servlet.UserServlet@1c5bbb1f
[INFO][2020-07-07 20:55:50,699][cn.itcast.travel.web.servlet.BaseServlet:22]: uri= /travel/category/findAll
[INFO][2020-07-07 20:55:50,699][cn.itcast.travel.web.servlet.BaseServlet:26]: method= findAll
[INFO][2020-07-07 20:55:50,700][cn.itcast.travel.web.servlet.BaseServlet:30]: cn.itcast.travel.web.servlet.CategoryServlet@3b5e777
[INFO][2020-07-07 20:55:50,700][cn.itcast.travel.service.impl.CategoryServiceImpl:38]: 从redis中查询....
[INFO][2020-07-07 20:55:50,700][cn.itcast.travel.service.impl.CategoryServiceImpl:48]: 门票
[INFO][2020-07-07 20:55:50,700][cn.itcast.travel.service.impl.CategoryServiceImpl:50]: 1.0
[INFO][2020-07-07 20:55:50,701][cn.itcast.travel.service.impl.CategoryServiceImpl:48]: 酒店
[INFO][2020-07-07 20:55:50,701][cn.itcast.travel.service.impl.CategoryServiceImpl:50]: 2.0
[INFO][2020-07-07 20:55:50,701][cn.itcast.travel.service.impl.CategoryServiceImpl:48]: 香港车票
[INFO][2020-07-07 20:55:50,701][cn.itcast.travel.service.impl.CategoryServiceImpl:50]: 3.0
[INFO][2020-07-07 20:55:50,701][cn.itcast.travel.service.impl.CategoryServiceImpl:48]: 处境游
[INFO][2020-07-07 20:55:50,701][cn.itcast.travel.service.impl.CategoryServiceImpl:50]: 4.0
[INFO][2020-07-07 20:55:50,701][cn.itcast.travel.service.impl.CategoryServiceImpl:48]: 国内游
[INFO][2020-07-07 20:55:50,701][cn.itcast.travel.service.impl.CategoryServiceImpl:50]: 5.0
[INFO][2020-07-07 20:55:50,702][cn.itcast.travel.service.impl.CategoryServiceImpl:48]: 港澳游
[INFO][2020-07-07 20:55:50,702][cn.itcast.travel.service.impl.CategoryServiceImpl:50]: 6.0
[INFO][2020-07-07 20:55:50,702][cn.itcast.travel.service.impl.CategoryServiceImpl:48]: 抱团定制
[INFO][2020-07-07 20:55:50,702][cn.itcast.travel.service.impl.CategoryServiceImpl:50]: 7.0
[INFO][2020-07-07 20:55:50,702][cn.itcast.travel.service.impl.CategoryServiceImpl:48]: 全球自由行
[INFO][2020-07-07 20:55:50,702][cn.itcast.travel.service.impl.CategoryServiceImpl:50]: 8.0
[INFO][2020-07-07 20:55:51,478][cn.itcast.travel.web.servlet.BaseServlet:22]: uri= /travel/user/findOne
[INFO][2020-07-07 20:55:51,479][cn.itcast.travel.web.servlet.BaseServlet:26]: method= findOne
[INFO][2020-07-07 20:55:51,479][cn.itcast.travel.web.servlet.BaseServlet:30]: cn.itcast.travel.web.servlet.UserServlet@1c5bbb1f
[INFO][2020-07-07 20:55:51,496][cn.itcast.travel.web.servlet.BaseServlet:22]: uri= /travel/category/findAll
[INFO][2020-07-07 20:55:51,496][cn.itcast.travel.web.servlet.BaseServlet:26]: method= findAll
[INFO][2020-07-07 20:55:51,496][cn.itcast.travel.web.servlet.BaseServlet:30]: cn.itcast.travel.web.servlet.CategoryServlet@3b5e777
[INFO][2020-07-07 20:55:51,497][cn.itcast.travel.service.impl.CategoryServiceImpl:38]: 从redis中查询....
[INFO][2020-07-07 20:55:51,497][cn.itcast.travel.service.impl.CategoryServiceImpl:48]: 门票
[INFO][2020-07-07 20:55:51,497][cn.itcast.travel.service.impl.CategoryServiceImpl:50]: 1.0
[INFO][2020-07-07 20:55:51,497][cn.itcast.travel.service.impl.CategoryServiceImpl:48]: 酒店
[INFO][2020-07-07 20:55:51,497][cn.itcast.travel.service.impl.CategoryServiceImpl:50]: 2.0
[INFO][2020-07-07 20:55:51,498][cn.itcast.travel.service.impl.CategoryServiceImpl:48]: 香港车票
[INFO][2020-07-07 20:55:51,498][cn.itcast.travel.service.impl.CategoryServiceImpl:50]: 3.0
[INFO][2020-07-07 20:55:51,498][cn.itcast.travel.service.impl.CategoryServiceImpl:48]: 处境游
[INFO][2020-07-07 20:55:51,498][cn.itcast.travel.service.impl.CategoryServiceImpl:50]: 4.0
[INFO][2020-07-07 20:55:51,498][cn.itcast.travel.service.impl.CategoryServiceImpl:48]: 国内游
[INFO][2020-07-07 20:55:51,498][cn.itcast.travel.service.impl.CategoryServiceImpl:50]: 5.0
[INFO][2020-07-07 20:55:51,498][cn.itcast.travel.service.impl.CategoryServiceImpl:48]: 港澳游
[INFO][2020-07-07 20:55:51,498][cn.itcast.travel.service.impl.CategoryServiceImpl:50]: 6.0
[INFO][2020-07-07 20:55:51,498][cn.itcast.travel.service.impl.CategoryServiceImpl:48]: 抱团定制
[INFO][2020-07-07 20:55:51,498][cn.itcast.travel.service.impl.CategoryServiceImpl:50]: 7.0
[INFO][2020-07-07 20:55:51,498][cn.itcast.travel.service.impl.CategoryServiceImpl:48]: 全球自由行
[INFO][2020-07-07 20:55:51,498][cn.itcast.travel.service.impl.CategoryServiceImpl:50]: 8.0
[INFO][2020-07-07 20:55:52,416][cn.itcast.travel.web.servlet.BaseServlet:22]: uri= /travel/user/findOne
[INFO][2020-07-07 20:55:52,416][cn.itcast.travel.web.servlet.BaseServlet:26]: method= findOne
[INFO][2020-07-07 20:55:52,416][cn.itcast.travel.web.servlet.BaseServlet:30]: cn.itcast.travel.web.servlet.UserServlet@1c5bbb1f
[INFO][2020-07-07 20:55:52,418][cn.itcast.travel.web.servlet.BaseServlet:22]: uri= /travel/category/findAll
[INFO][2020-07-07 20:55:52,419][cn.itcast.travel.web.servlet.BaseServlet:26]: method= findAll
[INFO][2020-07-07 20:55:52,419][cn.itcast.travel.web.servlet.BaseServlet:30]: cn.itcast.travel.web.servlet.CategoryServlet@3b5e777
[INFO][2020-07-07 20:55:52,419][cn.itcast.travel.service.impl.CategoryServiceImpl:38]: 从redis中查询....
[INFO][2020-07-07 20:55:52,419][cn.itcast.travel.service.impl.CategoryServiceImpl:48]: 门票
[INFO][2020-07-07 20:55:52,420][cn.itcast.travel.service.impl.CategoryServiceImpl:50]: 1.0
[INFO][2020-07-07 20:55:52,420][cn.itcast.travel.service.impl.CategoryServiceImpl:48]: 酒店
[INFO][2020-07-07 20:55:52,420][cn.itcast.travel.service.impl.CategoryServiceImpl:50]: 2.0
[INFO][2020-07-07 20:55:52,420][cn.itcast.travel.service.impl.CategoryServiceImpl:48]: 香港车票
[INFO][2020-07-07 20:55:52,420][cn.itcast.travel.service.impl.CategoryServiceImpl:50]: 3.0
[INFO][2020-07-07 20:55:52,420][cn.itcast.travel.service.impl.CategoryServiceImpl:48]: 处境游
[INFO][2020-07-07 20:55:52,420][cn.itcast.travel.service.impl.CategoryServiceImpl:50]: 4.0
[INFO][2020-07-07 20:55:52,420][cn.itcast.travel.service.impl.CategoryServiceImpl:48]: 国内游
[INFO][2020-07-07 20:55:52,421][cn.itcast.travel.service.impl.CategoryServiceImpl:50]: 5.0
[INFO][2020-07-07 20:55:52,421][cn.itcast.travel.service.impl.CategoryServiceImpl:48]: 港澳游
[INFO][2020-07-07 20:55:52,421][cn.itcast.travel.service.impl.CategoryServiceImpl:50]: 6.0
[INFO][2020-07-07 20:55:52,421][cn.itcast.travel.service.impl.CategoryServiceImpl:48]: 抱团定制
[INFO][2020-07-07 20:55:52,421][cn.itcast.travel.service.impl.CategoryServiceImpl:50]: 7.0
[INFO][2020-07-07 20:55:52,421][cn.itcast.travel.service.impl.CategoryServiceImpl:48]: 全球自由行
[INFO][2020-07-07 20:55:52,421][cn.itcast.travel.service.impl.CategoryServiceImpl:50]: 8.0
[INFO][2020-07-07 20:55:53,234][cn.itcast.travel.web.servlet.BaseServlet:22]: uri= /travel/user/findOne
[INFO][2020-07-07 20:55:53,235][cn.itcast.travel.web.servlet.BaseServlet:26]: method= findOne
[INFO][2020-07-07 20:55:53,235][cn.itcast.travel.web.servlet.BaseServlet:30]: cn.itcast.travel.web.servlet.UserServlet@1c5bbb1f
[INFO][2020-07-07 20:55:53,253][cn.itcast.travel.web.servlet.BaseServlet:22]: uri= /travel/category/findAll
[INFO][2020-07-07 20:55:53,254][cn.itcast.travel.web.servlet.BaseServlet:26]: method= findAll
[INFO][2020-07-07 20:55:53,254][cn.itcast.travel.web.servlet.BaseServlet:30]: cn.itcast.travel.web.servlet.CategoryServlet@3b5e777
[INFO][2020-07-07 20:55:53,254][cn.itcast.travel.service.impl.CategoryServiceImpl:38]: 从redis中查询....
[INFO][2020-07-07 20:55:53,255][cn.itcast.travel.service.impl.CategoryServiceImpl:48]: 门票
[INFO][2020-07-07 20:55:53,255][cn.itcast.travel.service.impl.CategoryServiceImpl:50]: 1.0
[INFO][2020-07-07 20:55:53,255][cn.itcast.travel.service.impl.CategoryServiceImpl:48]: 酒店
[INFO][2020-07-07 20:55:53,255][cn.itcast.travel.service.impl.CategoryServiceImpl:50]: 2.0
[INFO][2020-07-07 20:55:53,255][cn.itcast.travel.service.impl.CategoryServiceImpl:48]: 香港车票
[INFO][2020-07-07 20:55:53,255][cn.itcast.travel.service.impl.CategoryServiceImpl:50]: 3.0
[INFO][2020-07-07 20:55:53,256][cn.itcast.travel.service.impl.CategoryServiceImpl:48]: 处境游
[INFO][2020-07-07 20:55:53,256][cn.itcast.travel.service.impl.CategoryServiceImpl:50]: 4.0
[INFO][2020-07-07 20:55:53,256][cn.itcast.travel.service.impl.CategoryServiceImpl:48]: 国内游
[INFO][2020-07-07 20:55:53,256][cn.itcast.travel.service.impl.CategoryServiceImpl:50]: 5.0
[INFO][2020-07-07 20:55:53,256][cn.itcast.travel.service.impl.CategoryServiceImpl:48]: 港澳游
[INFO][2020-07-07 20:55:53,256][cn.itcast.travel.service.impl.CategoryServiceImpl:50]: 6.0
[INFO][2020-07-07 20:55:53,257][cn.itcast.travel.service.impl.CategoryServiceImpl:48]: 抱团定制
[INFO][2020-07-07 20:55:53,257][cn.itcast.travel.service.impl.CategoryServiceImpl:50]: 7.0
[INFO][2020-07-07 20:55:53,257][cn.itcast.travel.service.impl.CategoryServiceImpl:48]: 全球自由行
[INFO][2020-07-07 20:55:53,257][cn.itcast.travel.service.impl.CategoryServiceImpl:50]: 8.0
[INFO][2020-07-07 20:55:55,815][cn.itcast.travel.web.servlet.BaseServlet:22]: uri= /travel/user/findOne
[INFO][2020-07-07 20:55:55,816][cn.itcast.travel.web.servlet.BaseServlet:26]: method= findOne
[INFO][2020-07-07 20:55:55,816][cn.itcast.travel.web.servlet.BaseServlet:30]: cn.itcast.travel.web.servlet.UserServlet@1c5bbb1f
[INFO][2020-07-07 20:55:55,818][cn.itcast.travel.web.servlet.BaseServlet:22]: uri= /travel/category/findAll
[INFO][2020-07-07 20:55:55,818][cn.itcast.travel.web.servlet.BaseServlet:26]: method= findAll
[INFO][2020-07-07 20:55:55,818][cn.itcast.travel.web.servlet.BaseServlet:30]: cn.itcast.travel.web.servlet.CategoryServlet@3b5e777
[INFO][2020-07-07 20:55:55,819][cn.itcast.travel.service.impl.CategoryServiceImpl:38]: 从redis中查询....
[INFO][2020-07-07 20:55:55,819][cn.itcast.travel.service.impl.CategoryServiceImpl:48]: 门票
[INFO][2020-07-07 20:55:55,819][cn.itcast.travel.service.impl.CategoryServiceImpl:50]: 1.0
[INFO][2020-07-07 20:55:55,819][cn.itcast.travel.service.impl.CategoryServiceImpl:48]: 酒店
[INFO][2020-07-07 20:55:55,819][cn.itcast.travel.service.impl.CategoryServiceImpl:50]: 2.0
[INFO][2020-07-07 20:55:55,819][cn.itcast.travel.service.impl.CategoryServiceImpl:48]: 香港车票
[INFO][2020-07-07 20:55:55,819][cn.itcast.travel.service.impl.CategoryServiceImpl:50]: 3.0
[INFO][2020-07-07 20:55:55,819][cn.itcast.travel.service.impl.CategoryServiceImpl:48]: 处境游
[INFO][2020-07-07 20:55:55,819][cn.itcast.travel.service.impl.CategoryServiceImpl:50]: 4.0
[INFO][2020-07-07 20:55:55,819][cn.itcast.travel.service.impl.CategoryServiceImpl:48]: 国内游
[INFO][2020-07-07 20:55:55,819][cn.itcast.travel.service.impl.CategoryServiceImpl:50]: 5.0
[INFO][2020-07-07 20:55:55,819][cn.itcast.travel.service.impl.CategoryServiceImpl:48]: 港澳游
[INFO][2020-07-07 20:55:55,820][cn.itcast.travel.service.impl.CategoryServiceImpl:50]: 6.0
[INFO][2020-07-07 20:55:55,820][cn.itcast.travel.service.impl.CategoryServiceImpl:48]: 抱团定制
[INFO][2020-07-07 20:55:55,820][cn.itcast.travel.service.impl.CategoryServiceImpl:50]: 7.0
[INFO][2020-07-07 20:55:55,820][cn.itcast.travel.service.impl.CategoryServiceImpl:48]: 全球自由行
[INFO][2020-07-07 20:55:55,820][cn.itcast.travel.service.impl.CategoryServiceImpl:50]: 8.0
[INFO][2020-07-07 20:55:59,429][cn.itcast.travel.web.servlet.BaseServlet:22]: uri= /travel/user/findOne
[INFO][2020-07-07 20:55:59,429][cn.itcast.travel.web.servlet.BaseServlet:26]: method= findOne
[INFO][2020-07-07 20:55:59,429][cn.itcast.travel.web.servlet.BaseServlet:30]: cn.itcast.travel.web.servlet.UserServlet@1c5bbb1f
[INFO][2020-07-07 20:55:59,431][cn.itcast.travel.web.servlet.BaseServlet:22]: uri= /travel/category/findAll
[INFO][2020-07-07 20:55:59,431][cn.itcast.travel.web.servlet.BaseServlet:26]: method= findAll
[INFO][2020-07-07 20:55:59,431][cn.itcast.travel.web.servlet.BaseServlet:30]: cn.itcast.travel.web.servlet.CategoryServlet@3b5e777
[INFO][2020-07-07 20:55:59,432][cn.itcast.travel.service.impl.CategoryServiceImpl:38]: 从redis中查询....
[INFO][2020-07-07 20:55:59,432][cn.itcast.travel.service.impl.CategoryServiceImpl:48]: 门票
[INFO][2020-07-07 20:55:59,432][cn.itcast.travel.service.impl.CategoryServiceImpl:50]: 1.0
[INFO][2020-07-07 20:55:59,433][cn.itcast.travel.service.impl.CategoryServiceImpl:48]: 酒店
[INFO][2020-07-07 20:55:59,433][cn.itcast.travel.service.impl.CategoryServiceImpl:50]: 2.0
[INFO][2020-07-07 20:55:59,433][cn.itcast.travel.service.impl.CategoryServiceImpl:48]: 香港车票
[INFO][2020-07-07 20:55:59,433][cn.itcast.travel.service.impl.CategoryServiceImpl:50]: 3.0
[INFO][2020-07-07 20:55:59,433][cn.itcast.travel.service.impl.CategoryServiceImpl:48]: 处境游
[INFO][2020-07-07 20:55:59,433][cn.itcast.travel.service.impl.CategoryServiceImpl:50]: 4.0
[INFO][2020-07-07 20:55:59,433][cn.itcast.travel.service.impl.CategoryServiceImpl:48]: 国内游
[INFO][2020-07-07 20:55:59,433][cn.itcast.travel.service.impl.CategoryServiceImpl:50]: 5.0
[INFO][2020-07-07 20:55:59,433][cn.itcast.travel.service.impl.CategoryServiceImpl:48]: 港澳游
[INFO][2020-07-07 20:55:59,433][cn.itcast.travel.service.impl.CategoryServiceImpl:50]: 6.0
[INFO][2020-07-07 20:55:59,433][cn.itcast.travel.service.impl.CategoryServiceImpl:48]: 抱团定制
[INFO][2020-07-07 20:55:59,433][cn.itcast.travel.service.impl.CategoryServiceImpl:50]: 7.0
[INFO][2020-07-07 20:55:59,433][cn.itcast.travel.service.impl.CategoryServiceImpl:48]: 全球自由行
[INFO][2020-07-07 20:55:59,434][cn.itcast.travel.service.impl.CategoryServiceImpl:50]: 8.0
[INFO][2020-07-07 20:56:02,500][cn.itcast.travel.web.servlet.BaseServlet:22]: uri= /travel/user/findOne
[INFO][2020-07-07 20:56:02,500][cn.itcast.travel.web.servlet.BaseServlet:26]: method= findOne
[INFO][2020-07-07 20:56:02,500][cn.itcast.travel.web.servlet.BaseServlet:30]: cn.itcast.travel.web.servlet.UserServlet@1c5bbb1f
[INFO][2020-07-07 20:56:02,506][cn.itcast.travel.web.servlet.BaseServlet:22]: uri= /travel/category/findAll
[INFO][2020-07-07 20:56:02,506][cn.itcast.travel.web.servlet.BaseServlet:26]: method= findAll
[INFO][2020-07-07 20:56:02,506][cn.itcast.travel.web.servlet.BaseServlet:30]: cn.itcast.travel.web.servlet.CategoryServlet@3b5e777
[INFO][2020-07-07 20:56:02,507][cn.itcast.travel.service.impl.CategoryServiceImpl:38]: 从redis中查询....
[INFO][2020-07-07 20:56:02,507][cn.itcast.travel.service.impl.CategoryServiceImpl:48]: 门票
[INFO][2020-07-07 20:56:02,507][cn.itcast.travel.service.impl.CategoryServiceImpl:50]: 1.0
[INFO][2020-07-07 20:56:02,507][cn.itcast.travel.service.impl.CategoryServiceImpl:48]: 酒店
[INFO][2020-07-07 20:56:02,507][cn.itcast.travel.service.impl.CategoryServiceImpl:50]: 2.0
[INFO][2020-07-07 20:56:02,507][cn.itcast.travel.service.impl.CategoryServiceImpl:48]: 香港车票
[INFO][2020-07-07 20:56:02,507][cn.itcast.travel.service.impl.CategoryServiceImpl:50]: 3.0
[INFO][2020-07-07 20:56:02,507][cn.itcast.travel.service.impl.CategoryServiceImpl:48]: 处境游
[INFO][2020-07-07 20:56:02,508][cn.itcast.travel.service.impl.CategoryServiceImpl:50]: 4.0
[INFO][2020-07-07 20:56:02,508][cn.itcast.travel.service.impl.CategoryServiceImpl:48]: 国内游
[INFO][2020-07-07 20:56:02,508][cn.itcast.travel.service.impl.CategoryServiceImpl:50]: 5.0
[INFO][2020-07-07 20:56:02,508][cn.itcast.travel.service.impl.CategoryServiceImpl:48]: 港澳游
[INFO][2020-07-07 20:56:02,508][cn.itcast.travel.service.impl.CategoryServiceImpl:50]: 6.0
[INFO][2020-07-07 20:56:02,508][cn.itcast.travel.service.impl.CategoryServiceImpl:48]: 抱团定制
[INFO][2020-07-07 20:56:02,508][cn.itcast.travel.service.impl.CategoryServiceImpl:50]: 7.0
[INFO][2020-07-07 20:56:02,508][cn.itcast.travel.service.impl.CategoryServiceImpl:48]: 全球自由行
[INFO][2020-07-07 20:56:02,508][cn.itcast.travel.service.impl.CategoryServiceImpl:50]: 8.0
[INFO][2020-07-07 20:56:04,613][cn.itcast.travel.web.servlet.BaseServlet:22]: uri= /travel/user/findOne
[INFO][2020-07-07 20:56:04,613][cn.itcast.travel.web.servlet.BaseServlet:26]: method= findOne
[INFO][2020-07-07 20:56:04,613][cn.itcast.travel.web.servlet.BaseServlet:30]: cn.itcast.travel.web.servlet.UserServlet@1c5bbb1f
[INFO][2020-07-07 20:56:04,616][cn.itcast.travel.web.servlet.BaseServlet:22]: uri= /travel/category/findAll
[INFO][2020-07-07 20:56:04,616][cn.itcast.travel.web.servlet.BaseServlet:26]: method= findAll
[INFO][2020-07-07 20:56:04,616][cn.itcast.travel.web.servlet.BaseServlet:30]: cn.itcast.travel.web.servlet.CategoryServlet@3b5e777
[INFO][2020-07-07 20:56:04,617][cn.itcast.travel.service.impl.CategoryServiceImpl:38]: 从redis中查询....
[INFO][2020-07-07 20:56:04,617][cn.itcast.travel.service.impl.CategoryServiceImpl:48]: 门票
[INFO][2020-07-07 20:56:04,617][cn.itcast.travel.service.impl.CategoryServiceImpl:50]: 1.0
[INFO][2020-07-07 20:56:04,617][cn.itcast.travel.service.impl.CategoryServiceImpl:48]: 酒店
[INFO][2020-07-07 20:56:04,617][cn.itcast.travel.service.impl.CategoryServiceImpl:50]: 2.0
[INFO][2020-07-07 20:56:04,617][cn.itcast.travel.service.impl.CategoryServiceImpl:48]: 香港车票
[INFO][2020-07-07 20:56:04,617][cn.itcast.travel.service.impl.CategoryServiceImpl:50]: 3.0
[INFO][2020-07-07 20:56:04,617][cn.itcast.travel.service.impl.CategoryServiceImpl:48]: 处境游
[INFO][2020-07-07 20:56:04,617][cn.itcast.travel.service.impl.CategoryServiceImpl:50]: 4.0
[INFO][2020-07-07 20:56:04,617][cn.itcast.travel.service.impl.CategoryServiceImpl:48]: 国内游
[INFO][2020-07-07 20:56:04,617][cn.itcast.travel.service.impl.CategoryServiceImpl:50]: 5.0
[INFO][2020-07-07 20:56:04,618][cn.itcast.travel.service.impl.CategoryServiceImpl:48]: 港澳游
[INFO][2020-07-07 20:56:04,618][cn.itcast.travel.service.impl.CategoryServiceImpl:50]: 6.0
[INFO][2020-07-07 20:56:04,618][cn.itcast.travel.service.impl.CategoryServiceImpl:48]: 抱团定制
[INFO][2020-07-07 20:56:04,618][cn.itcast.travel.service.impl.CategoryServiceImpl:50]: 7.0
[INFO][2020-07-07 20:56:04,618][cn.itcast.travel.service.impl.CategoryServiceImpl:48]: 全球自由行
[INFO][2020-07-07 20:56:04,618][cn.itcast.travel.service.impl.CategoryServiceImpl:50]: 8.0
[INFO][2020-07-07 20:56:08,090][cn.itcast.travel.web.servlet.BaseServlet:22]: uri= /travel/user/findOne
[INFO][2020-07-07 20:56:08,091][cn.itcast.travel.web.servlet.BaseServlet:26]: method= findOne
[INFO][2020-07-07 20:56:08,091][cn.itcast.travel.web.servlet.BaseServlet:30]: cn.itcast.travel.web.servlet.UserServlet@1c5bbb1f
[INFO][2020-07-07 20:56:08,092][cn.itcast.travel.web.servlet.BaseServlet:22]: uri= /travel/category/findAll
[INFO][2020-07-07 20:56:08,092][cn.itcast.travel.web.servlet.BaseServlet:26]: method= findAll
[INFO][2020-07-07 20:56:08,092][cn.itcast.travel.web.servlet.BaseServlet:30]: cn.itcast.travel.web.servlet.CategoryServlet@3b5e777
[INFO][2020-07-07 20:56:08,093][cn.itcast.travel.service.impl.CategoryServiceImpl:38]: 从redis中查询....
[INFO][2020-07-07 20:56:08,093][cn.itcast.travel.service.impl.CategoryServiceImpl:48]: 门票
[INFO][2020-07-07 20:56:08,093][cn.itcast.travel.service.impl.CategoryServiceImpl:50]: 1.0
[INFO][2020-07-07 20:56:08,093][cn.itcast.travel.service.impl.CategoryServiceImpl:48]: 酒店
[INFO][2020-07-07 20:56:08,093][cn.itcast.travel.service.impl.CategoryServiceImpl:50]: 2.0
[INFO][2020-07-07 20:56:08,093][cn.itcast.travel.service.impl.CategoryServiceImpl:48]: 香港车票
[INFO][2020-07-07 20:56:08,093][cn.itcast.travel.service.impl.CategoryServiceImpl:50]: 3.0
[INFO][2020-07-07 20:56:08,093][cn.itcast.travel.service.impl.CategoryServiceImpl:48]: 处境游
[INFO][2020-07-07 20:56:08,093][cn.itcast.travel.service.impl.CategoryServiceImpl:50]: 4.0
[INFO][2020-07-07 20:56:08,093][cn.itcast.travel.service.impl.CategoryServiceImpl:48]: 国内游
[INFO][2020-07-07 20:56:08,094][cn.itcast.travel.service.impl.CategoryServiceImpl:50]: 5.0
[INFO][2020-07-07 20:56:08,094][cn.itcast.travel.service.impl.CategoryServiceImpl:48]: 港澳游
[INFO][2020-07-07 20:56:08,094][cn.itcast.travel.service.impl.CategoryServiceImpl:50]: 6.0
[INFO][2020-07-07 20:56:08,094][cn.itcast.travel.service.impl.CategoryServiceImpl:48]: 抱团定制
[INFO][2020-07-07 20:56:08,094][cn.itcast.travel.service.impl.CategoryServiceImpl:50]: 7.0
[INFO][2020-07-07 20:56:08,094][cn.itcast.travel.service.impl.CategoryServiceImpl:48]: 全球自由行
[INFO][2020-07-07 20:56:08,094][cn.itcast.travel.service.impl.CategoryServiceImpl:50]: 8.0
[INFO][2020-07-07 20:56:10,397][cn.itcast.travel.web.servlet.BaseServlet:22]: uri= /travel/user/findOne
[INFO][2020-07-07 20:56:10,398][cn.itcast.travel.web.servlet.BaseServlet:26]: method= findOne
[INFO][2020-07-07 20:56:10,398][cn.itcast.travel.web.servlet.BaseServlet:30]: cn.itcast.travel.web.servlet.UserServlet@1c5bbb1f
[INFO][2020-07-07 20:56:10,400][cn.itcast.travel.web.servlet.BaseServlet:22]: uri= /travel/category/findAll
[INFO][2020-07-07 20:56:10,400][cn.itcast.travel.web.servlet.BaseServlet:26]: method= findAll
[INFO][2020-07-07 20:56:10,400][cn.itcast.travel.web.servlet.BaseServlet:30]: cn.itcast.travel.web.servlet.CategoryServlet@3b5e777
[INFO][2020-07-07 20:56:10,401][cn.itcast.travel.service.impl.CategoryServiceImpl:38]: 从redis中查询....
[INFO][2020-07-07 20:56:10,401][cn.itcast.travel.service.impl.CategoryServiceImpl:48]: 门票
[INFO][2020-07-07 20:56:10,402][cn.itcast.travel.service.impl.CategoryServiceImpl:50]: 1.0
[INFO][2020-07-07 20:56:10,402][cn.itcast.travel.service.impl.CategoryServiceImpl:48]: 酒店
[INFO][2020-07-07 20:56:10,402][cn.itcast.travel.service.impl.CategoryServiceImpl:50]: 2.0
[INFO][2020-07-07 20:56:10,402][cn.itcast.travel.service.impl.CategoryServiceImpl:48]: 香港车票
[INFO][2020-07-07 20:56:10,402][cn.itcast.travel.service.impl.CategoryServiceImpl:50]: 3.0
[INFO][2020-07-07 20:56:10,402][cn.itcast.travel.service.impl.CategoryServiceImpl:48]: 处境游
[INFO][2020-07-07 20:56:10,402][cn.itcast.travel.service.impl.CategoryServiceImpl:50]: 4.0
[INFO][2020-07-07 20:56:10,403][cn.itcast.travel.service.impl.CategoryServiceImpl:48]: 国内游
[INFO][2020-07-07 20:56:10,403][cn.itcast.travel.service.impl.CategoryServiceImpl:50]: 5.0
[INFO][2020-07-07 20:56:10,404][cn.itcast.travel.service.impl.CategoryServiceImpl:48]: 港澳游
[INFO][2020-07-07 20:56:10,404][cn.itcast.travel.service.impl.CategoryServiceImpl:50]: 6.0
[INFO][2020-07-07 20:56:10,404][cn.itcast.travel.service.impl.CategoryServiceImpl:48]: 抱团定制
[INFO][2020-07-07 20:56:10,404][cn.itcast.travel.service.impl.CategoryServiceImpl:50]: 7.0
[INFO][2020-07-07 20:56:10,404][cn.itcast.travel.service.impl.CategoryServiceImpl:48]: 全球自由行
[INFO][2020-07-07 20:56:10,404][cn.itcast.travel.service.impl.CategoryServiceImpl:50]: 8.0
[INFO][2020-07-07 20:56:12,157][cn.itcast.travel.web.servlet.BaseServlet:22]: uri= /travel/user/findOne
[INFO][2020-07-07 20:56:12,157][cn.itcast.travel.web.servlet.BaseServlet:22]: uri= /travel/category/findAll
[INFO][2020-07-07 20:56:12,158][cn.itcast.travel.web.servlet.BaseServlet:26]: method= findAll
[INFO][2020-07-07 20:56:12,158][cn.itcast.travel.web.servlet.BaseServlet:30]: cn.itcast.travel.web.servlet.CategoryServlet@3b5e777
[INFO][2020-07-07 20:56:12,157][cn.itcast.travel.web.servlet.BaseServlet:26]: method= findOne
[INFO][2020-07-07 20:56:12,158][cn.itcast.travel.web.servlet.BaseServlet:30]: cn.itcast.travel.web.servlet.UserServlet@1c5bbb1f
[INFO][2020-07-07 20:56:12,158][cn.itcast.travel.service.impl.CategoryServiceImpl:38]: 从redis中查询....
[INFO][2020-07-07 20:56:12,159][cn.itcast.travel.service.impl.CategoryServiceImpl:48]: 门票
[INFO][2020-07-07 20:56:12,159][cn.itcast.travel.service.impl.CategoryServiceImpl:50]: 1.0
[INFO][2020-07-07 20:56:12,159][cn.itcast.travel.service.impl.CategoryServiceImpl:48]: 酒店
[INFO][2020-07-07 20:56:12,159][cn.itcast.travel.service.impl.CategoryServiceImpl:50]: 2.0
[INFO][2020-07-07 20:56:12,159][cn.itcast.travel.service.impl.CategoryServiceImpl:48]: 香港车票
[INFO][2020-07-07 20:56:12,159][cn.itcast.travel.service.impl.CategoryServiceImpl:50]: 3.0
[INFO][2020-07-07 20:56:12,160][cn.itcast.travel.service.impl.CategoryServiceImpl:48]: 处境游
[INFO][2020-07-07 20:56:12,160][cn.itcast.travel.service.impl.CategoryServiceImpl:50]: 4.0
[INFO][2020-07-07 20:56:12,160][cn.itcast.travel.service.impl.CategoryServiceImpl:48]: 国内游
[INFO][2020-07-07 20:56:12,160][cn.itcast.travel.service.impl.CategoryServiceImpl:50]: 5.0
[INFO][2020-07-07 20:56:12,160][cn.itcast.travel.service.impl.CategoryServiceImpl:48]: 港澳游
[INFO][2020-07-07 20:56:12,160][cn.itcast.travel.service.impl.CategoryServiceImpl:50]: 6.0
[INFO][2020-07-07 20:56:12,160][cn.itcast.travel.service.impl.CategoryServiceImpl:48]: 抱团定制
[INFO][2020-07-07 20:56:12,160][cn.itcast.travel.service.impl.CategoryServiceImpl:50]: 7.0
[INFO][2020-07-07 20:56:12,160][cn.itcast.travel.service.impl.CategoryServiceImpl:48]: 全球自由行
[INFO][2020-07-07 20:56:12,160][cn.itcast.travel.service.impl.CategoryServiceImpl:50]: 8.0
[INFO][2020-07-07 20:56:13,369][cn.itcast.travel.web.servlet.BaseServlet:22]: uri= /travel/user/findOne
[INFO][2020-07-07 20:56:13,369][cn.itcast.travel.web.servlet.BaseServlet:26]: method= findOne
[INFO][2020-07-07 20:56:13,369][cn.itcast.travel.web.servlet.BaseServlet:30]: cn.itcast.travel.web.servlet.UserServlet@1c5bbb1f
[INFO][2020-07-07 20:56:13,369][cn.itcast.travel.web.servlet.BaseServlet:22]: uri= /travel/category/findAll
[INFO][2020-07-07 20:56:13,369][cn.itcast.travel.web.servlet.BaseServlet:26]: method= findAll
[INFO][2020-07-07 20:56:13,370][cn.itcast.travel.web.servlet.BaseServlet:30]: cn.itcast.travel.web.servlet.CategoryServlet@3b5e777
[INFO][2020-07-07 20:56:13,371][cn.itcast.travel.service.impl.CategoryServiceImpl:38]: 从redis中查询....
[INFO][2020-07-07 20:56:13,371][cn.itcast.travel.service.impl.CategoryServiceImpl:48]: 门票
[INFO][2020-07-07 20:56:13,371][cn.itcast.travel.service.impl.CategoryServiceImpl:50]: 1.0
[INFO][2020-07-07 20:56:13,371][cn.itcast.travel.service.impl.CategoryServiceImpl:48]: 酒店
[INFO][2020-07-07 20:56:13,371][cn.itcast.travel.service.impl.CategoryServiceImpl:50]: 2.0
[INFO][2020-07-07 20:56:13,371][cn.itcast.travel.service.impl.CategoryServiceImpl:48]: 香港车票
[INFO][2020-07-07 20:56:13,372][cn.itcast.travel.service.impl.CategoryServiceImpl:50]: 3.0
[INFO][2020-07-07 20:56:13,372][cn.itcast.travel.service.impl.CategoryServiceImpl:48]: 处境游
[INFO][2020-07-07 20:56:13,372][cn.itcast.travel.service.impl.CategoryServiceImpl:50]: 4.0
[INFO][2020-07-07 20:56:13,372][cn.itcast.travel.service.impl.CategoryServiceImpl:48]: 国内游
[INFO][2020-07-07 20:56:13,372][cn.itcast.travel.service.impl.CategoryServiceImpl:50]: 5.0
[INFO][2020-07-07 20:56:13,372][cn.itcast.travel.service.impl.CategoryServiceImpl:48]: 港澳游
[INFO][2020-07-07 20:56:13,372][cn.itcast.travel.service.impl.CategoryServiceImpl:50]: 6.0
[INFO][2020-07-07 20:56:13,372][cn.itcast.travel.service.impl.CategoryServiceImpl:48]: 抱团定制
[INFO][2020-07-07 20:56:13,372][cn.itcast.travel.service.impl.CategoryServiceImpl:50]: 7.0
[INFO][2020-07-07 20:56:13,373][cn.itcast.travel.service.impl.CategoryServiceImpl:48]: 全球自由行
[INFO][2020-07-07 20:56:13,373][cn.itcast.travel.service.impl.CategoryServiceImpl:50]: 8.0
[INFO][2020-07-07 20:56:14,661][cn.itcast.travel.web.servlet.BaseServlet:22]: uri= /travel/user/findOne
[INFO][2020-07-07 20:56:14,661][cn.itcast.travel.web.servlet.BaseServlet:26]: method= findOne
[INFO][2020-07-07 20:56:14,661][cn.itcast.travel.web.servlet.BaseServlet:30]: cn.itcast.travel.web.servlet.UserServlet@1c5bbb1f
[INFO][2020-07-07 20:56:14,690][cn.itcast.travel.web.servlet.BaseServlet:22]: uri= /travel/category/findAll
[INFO][2020-07-07 20:56:14,691][cn.itcast.travel.web.servlet.BaseServlet:26]: method= findAll
[INFO][2020-07-07 20:56:14,691][cn.itcast.travel.web.servlet.BaseServlet:30]: cn.itcast.travel.web.servlet.CategoryServlet@3b5e777
[INFO][2020-07-07 20:56:14,691][cn.itcast.travel.service.impl.CategoryServiceImpl:38]: 从redis中查询....
[INFO][2020-07-07 20:56:14,692][cn.itcast.travel.service.impl.CategoryServiceImpl:48]: 门票
[INFO][2020-07-07 20:56:14,692][cn.itcast.travel.service.impl.CategoryServiceImpl:50]: 1.0
[INFO][2020-07-07 20:56:14,692][cn.itcast.travel.service.impl.CategoryServiceImpl:48]: 酒店
[INFO][2020-07-07 20:56:14,692][cn.itcast.travel.service.impl.CategoryServiceImpl:50]: 2.0
[INFO][2020-07-07 20:56:14,692][cn.itcast.travel.service.impl.CategoryServiceImpl:48]: 香港车票
[INFO][2020-07-07 20:56:14,692][cn.itcast.travel.service.impl.CategoryServiceImpl:50]: 3.0
[INFO][2020-07-07 20:56:14,692][cn.itcast.travel.service.impl.CategoryServiceImpl:48]: 处境游
[INFO][2020-07-07 20:56:14,692][cn.itcast.travel.service.impl.CategoryServiceImpl:50]: 4.0
[INFO][2020-07-07 20:56:14,692][cn.itcast.travel.service.impl.CategoryServiceImpl:48]: 国内游
[INFO][2020-07-07 20:56:14,692][cn.itcast.travel.service.impl.CategoryServiceImpl:50]: 5.0
[INFO][2020-07-07 20:56:14,692][cn.itcast.travel.service.impl.CategoryServiceImpl:48]: 港澳游
[INFO][2020-07-07 20:56:14,692][cn.itcast.travel.service.impl.CategoryServiceImpl:50]: 6.0
[INFO][2020-07-07 20:56:14,692][cn.itcast.travel.service.impl.CategoryServiceImpl:48]: 抱团定制
[INFO][2020-07-07 20:56:14,693][cn.itcast.travel.service.impl.CategoryServiceImpl:50]: 7.0
[INFO][2020-07-07 20:56:14,693][cn.itcast.travel.service.impl.CategoryServiceImpl:48]: 全球自由行
[INFO][2020-07-07 20:56:14,693][cn.itcast.travel.service.impl.CategoryServiceImpl:50]: 8.0
[INFO][2020-07-07 20:56:15,449][cn.itcast.travel.web.servlet.BaseServlet:22]: uri= /travel/user/findOne
[INFO][2020-07-07 20:56:15,450][cn.itcast.travel.web.servlet.BaseServlet:26]: method= findOne
[INFO][2020-07-07 20:56:15,450][cn.itcast.travel.web.servlet.BaseServlet:30]: cn.itcast.travel.web.servlet.UserServlet@1c5bbb1f
[INFO][2020-07-07 20:56:15,450][cn.itcast.travel.web.servlet.BaseServlet:22]: uri= /travel/category/findAll
[INFO][2020-07-07 20:56:15,450][cn.itcast.travel.web.servlet.BaseServlet:26]: method= findAll
[INFO][2020-07-07 20:56:15,450][cn.itcast.travel.web.servlet.BaseServlet:30]: cn.itcast.travel.web.servlet.CategoryServlet@3b5e777
[INFO][2020-07-07 20:56:15,451][cn.itcast.travel.service.impl.CategoryServiceImpl:38]: 从redis中查询....
[INFO][2020-07-07 20:56:15,451][cn.itcast.travel.service.impl.CategoryServiceImpl:48]: 门票
[INFO][2020-07-07 20:56:15,451][cn.itcast.travel.service.impl.CategoryServiceImpl:50]: 1.0
[INFO][2020-07-07 20:56:15,452][cn.itcast.travel.service.impl.CategoryServiceImpl:48]: 酒店
[INFO][2020-07-07 20:56:15,452][cn.itcast.travel.service.impl.CategoryServiceImpl:50]: 2.0
[INFO][2020-07-07 20:56:15,452][cn.itcast.travel.service.impl.CategoryServiceImpl:48]: 香港车票
[INFO][2020-07-07 20:56:15,452][cn.itcast.travel.service.impl.CategoryServiceImpl:50]: 3.0
[INFO][2020-07-07 20:56:15,452][cn.itcast.travel.service.impl.CategoryServiceImpl:48]: 处境游
[INFO][2020-07-07 20:56:15,452][cn.itcast.travel.service.impl.CategoryServiceImpl:50]: 4.0
[INFO][2020-07-07 20:56:15,452][cn.itcast.travel.service.impl.CategoryServiceImpl:48]: 国内游
[INFO][2020-07-07 20:56:15,452][cn.itcast.travel.service.impl.CategoryServiceImpl:50]: 5.0
[INFO][2020-07-07 20:56:15,453][cn.itcast.travel.service.impl.CategoryServiceImpl:48]: 港澳游
[INFO][2020-07-07 20:56:15,453][cn.itcast.travel.service.impl.CategoryServiceImpl:50]: 6.0
[INFO][2020-07-07 20:56:15,453][cn.itcast.travel.service.impl.CategoryServiceImpl:48]: 抱团定制
[INFO][2020-07-07 20:56:15,453][cn.itcast.travel.service.impl.CategoryServiceImpl:50]: 7.0
[INFO][2020-07-07 20:56:15,453][cn.itcast.travel.service.impl.CategoryServiceImpl:48]: 全球自由行
[INFO][2020-07-07 20:56:15,453][cn.itcast.travel.service.impl.CategoryServiceImpl:50]: 8.0
